<?xml version="1.0" encoding="UTF-8" ?>
<testsuite tests="14" failures="0" name="org.springframework.cloud.stream.binder.jms.ibmmq.integration.EndToEndIntegrationTests" time="0.057" errors="14" skipped="0">
  <properties>
[...]
</properties>
  <testcase classname="org.springframework.cloud.stream.binder.jms.ibmmq.integration.EndToEndIntegrationTests" name="testBindingDestinationsWithInvalidCharacters" time="0.042">
    <error message="Could not create MQ Queue Manager object for &apos;LOCAL.DOCKER.QMGR&apos;" type="java.lang.RuntimeException">java.lang.RuntimeException: Could not create MQ Queue Manager object for &apos;LOCAL.DOCKER.QMGR&apos;
	at org.springframework.cloud.stream.binder.jms.ibmmq.IBMMQRequests.&lt;init&gt;(IBMMQRequests.java:52)
	at org.springframework.cloud.stream.binder.jms.ibmmq.IBMMQProvisioningProvider.&lt;init&gt;(IBMMQProvisioningProvider.java:47)
	at org.springframework.cloud.stream.binder.jms.ibmmq.integration.EndToEndIntegrationTests.&lt;init&gt;(EndToEndIntegrationTests.java:28)
	at sun.reflect.NativeConstructorAccessorImpl.newInstance0(Native Method)
	at sun.reflect.NativeConstructorAccessorImpl.newInstance(NativeConstructorAccessorImpl.java:62)
	at sun.reflect.DelegatingConstructorAccessorImpl.newInstance(DelegatingConstructorAccessorImpl.java:45)
	at java.lang.reflect.Constructor.newInstance(Constructor.java:423)
	at org.junit.runners.BlockJUnit4ClassRunner.createTest(BlockJUnit4ClassRunner.java:217)
	at org.junit.runners.BlockJUnit4ClassRunner$1.runReflectiveCall(BlockJUnit4ClassRunner.java:266)
	at org.junit.internal.runners.model.ReflectiveCallable.run(ReflectiveCallable.java:12)
	at org.junit.runners.BlockJUnit4ClassRunner.methodBlock(BlockJUnit4ClassRunner.java:263)
	at org.junit.runners.BlockJUnit4ClassRunner.runChild(BlockJUnit4ClassRunner.java:78)
	at org.junit.runners.BlockJUnit4ClassRunner.runChild(BlockJUnit4ClassRunner.java:57)
	at org.junit.runners.ParentRunner$3.run(ParentRunner.java:290)
	at org.junit.runners.ParentRunner$1.schedule(ParentRunner.java:71)
	at org.junit.runners.ParentRunner.runChildren(ParentRunner.java:288)
	at org.junit.runners.ParentRunner.access$000(ParentRunner.java:58)
	at org.junit.runners.ParentRunner$2.evaluate(ParentRunner.java:268)
	at org.junit.runners.ParentRunner.run(ParentRunner.java:363)
	at org.apache.maven.surefire.junit4.JUnit4Provider.execute(JUnit4Provider.java:252)
	at org.apache.maven.surefire.junit4.JUnit4Provider.executeTestSet(JUnit4Provider.java:141)
	at org.apache.maven.surefire.junit4.JUnit4Provider.invoke(JUnit4Provider.java:112)
	at sun.reflect.NativeMethodAccessorImpl.invoke0(Native Method)
	at sun.reflect.NativeMethodAccessorImpl.invoke(NativeMethodAccessorImpl.java:62)
	at sun.reflect.DelegatingMethodAccessorImpl.invoke(DelegatingMethodAccessorImpl.java:43)
	at java.lang.reflect.Method.invoke(Method.java:498)
	at org.apache.maven.surefire.util.ReflectionUtils.invokeMethodWithArray(ReflectionUtils.java:189)
	at org.apache.maven.surefire.booter.ProviderFactory$ProviderProxy.invoke(ProviderFactory.java:165)
	at org.apache.maven.surefire.booter.ProviderFactory.invokeProvider(ProviderFactory.java:85)
	at org.apache.maven.surefire.booter.ForkedBooter.runSuitesInProcess(ForkedBooter.java:115)
	at org.apache.maven.surefire.booter.ForkedBooter.main(ForkedBooter.java:75)
</error>
    <system-out>23:20:58.222 [main] DEBUG org.springframework.beans.factory.config.YamlMapFactoryBean - Loading from YAML: class path resource [application.yml]
23:20:58.265 [main] DEBUG org.springframework.beans.factory.config.YamlMapFactoryBean - Merging document (no matchers set): {spring={main={web-environment=false}, jmx={enabled=false}}, ibmmq={host=ibmmq, port=1414, username=mq, password=mq, queueManager=LOCAL.DOCKER.QMGR, channel=PASSWORD.SVRCONN}}
23:20:58.265 [main] DEBUG org.springframework.beans.factory.config.YamlMapFactoryBean - Loaded 1 document from YAML resource: class path resource [application.yml]
23:20:58.266 [main] DEBUG org.springframework.beans.factory.config.YamlMapFactoryBean - Loading from YAML: class path resource [application.yml]
23:20:58.269 [main] DEBUG org.springframework.beans.factory.config.YamlMapFactoryBean - Merging document (no matchers set): {spring={main={web-environment=false}, jmx={enabled=false}}, ibmmq={host=ibmmq, port=1414, username=mq, password=mq, queueManager=LOCAL.DOCKER.QMGR, channel=PASSWORD.SVRCONN}}
23:20:58.269 [main] DEBUG org.springframework.beans.factory.config.YamlMapFactoryBean - Loaded 1 document from YAML resource: class path resource [application.yml]
23:20:58.726 [main] DEBUG org.springframework.beans.factory.config.YamlMapFactoryBean - Loading from YAML: class path resource [application.yml]
23:20:58.729 [main] DEBUG org.springframework.beans.factory.config.YamlMapFactoryBean - Merging document (no matchers set): {spring={main={web-environment=false}, jmx={enabled=false}}, ibmmq={host=ibmmq, port=1414, username=mq, password=mq, queueManager=LOCAL.DOCKER.QMGR, channel=PASSWORD.SVRCONN}}
23:20:58.729 [main] DEBUG org.springframework.beans.factory.config.YamlMapFactoryBean - Loaded 1 document from YAML resource: class path resource [application.yml]
</system-out>
  </testcase>
  <testcase classname="org.springframework.cloud.stream.binder.jms.ibmmq.integration.EndToEndIntegrationTests" name="scs_whenRequiredGroupsAreSpecified_messagesArePersistedWithoutConsumers" time="0.003">
    <error message="Could not create MQ Queue Manager object for &apos;LOCAL.DOCKER.QMGR&apos;" type="java.lang.RuntimeException">java.lang.RuntimeException: Could not create MQ Queue Manager object for &apos;LOCAL.DOCKER.QMGR&apos;
	at org.springframework.cloud.stream.binder.jms.ibmmq.IBMMQRequests.&lt;init&gt;(IBMMQRequests.java:52)
	at org.springframework.cloud.stream.binder.jms.ibmmq.IBMMQProvisioningProvider.&lt;init&gt;(IBMMQProvisioningProvider.java:47)
	at org.springframework.cloud.stream.binder.jms.ibmmq.integration.EndToEndIntegrationTests.&lt;init&gt;(EndToEndIntegrationTests.java:28)
	at sun.reflect.NativeConstructorAccessorImpl.newInstance0(Native Method)
	at sun.reflect.NativeConstructorAccessorImpl.newInstance(NativeConstructorAccessorImpl.java:62)
	at sun.reflect.DelegatingConstructorAccessorImpl.newInstance(DelegatingConstructorAccessorImpl.java:45)
	at java.lang.reflect.Constructor.newInstance(Constructor.java:423)
	at org.junit.runners.BlockJUnit4ClassRunner.createTest(BlockJUnit4ClassRunner.java:217)
	at org.junit.runners.BlockJUnit4ClassRunner$1.runReflectiveCall(BlockJUnit4ClassRunner.java:266)
	at org.junit.internal.runners.model.ReflectiveCallable.run(ReflectiveCallable.java:12)
	at org.junit.runners.BlockJUnit4ClassRunner.methodBlock(BlockJUnit4ClassRunner.java:263)
	at org.junit.runners.BlockJUnit4ClassRunner.runChild(BlockJUnit4ClassRunner.java:78)
	at org.junit.runners.BlockJUnit4ClassRunner.runChild(BlockJUnit4ClassRunner.java:57)
	at org.junit.runners.ParentRunner$3.run(ParentRunner.java:290)
	at org.junit.runners.ParentRunner$1.schedule(ParentRunner.java:71)
	at org.junit.runners.ParentRunner.runChildren(ParentRunner.java:288)
	at org.junit.runners.ParentRunner.access$000(ParentRunner.java:58)
	at org.junit.runners.ParentRunner$2.evaluate(ParentRunner.java:268)
	at org.junit.runners.ParentRunner.run(ParentRunner.java:363)
	at org.apache.maven.surefire.junit4.JUnit4Provider.execute(JUnit4Provider.java:252)
	at org.apache.maven.surefire.junit4.JUnit4Provider.executeTestSet(JUnit4Provider.java:141)
	at org.apache.maven.surefire.junit4.JUnit4Provider.invoke(JUnit4Provider.java:112)
	at sun.reflect.NativeMethodAccessorImpl.invoke0(Native Method)
	at sun.reflect.NativeMethodAccessorImpl.invoke(NativeMethodAccessorImpl.java:62)
	at sun.reflect.DelegatingMethodAccessorImpl.invoke(DelegatingMethodAccessorImpl.java:43)
	at java.lang.reflect.Method.invoke(Method.java:498)
	at org.apache.maven.surefire.util.ReflectionUtils.invokeMethodWithArray(ReflectionUtils.java:189)
	at org.apache.maven.surefire.booter.ProviderFactory$ProviderProxy.invoke(ProviderFactory.java:165)
	at org.apache.maven.surefire.booter.ProviderFactory.invokeProvider(ProviderFactory.java:85)
	at org.apache.maven.surefire.booter.ForkedBooter.runSuitesInProcess(ForkedBooter.java:115)
	at org.apache.maven.surefire.booter.ForkedBooter.main(ForkedBooter.java:75)
</error>
    <system-out>23:20:59.047 [main] DEBUG org.springframework.beans.factory.config.YamlMapFactoryBean - Loading from YAML: class path resource [application.yml]
23:20:59.053 [main] DEBUG org.springframework.beans.factory.config.YamlMapFactoryBean - Merging document (no matchers set): {spring={main={web-environment=false}, jmx={enabled=false}}, ibmmq={host=ibmmq, port=1414, username=mq, password=mq, queueManager=LOCAL.DOCKER.QMGR, channel=PASSWORD.SVRCONN}}
23:20:59.054 [main] DEBUG org.springframework.beans.factory.config.YamlMapFactoryBean - Loaded 1 document from YAML resource: class path resource [application.yml]
23:20:59.055 [main] DEBUG org.springframework.beans.factory.config.YamlMapFactoryBean - Loading from YAML: class path resource [application.yml]
23:20:59.058 [main] DEBUG org.springframework.beans.factory.config.YamlMapFactoryBean - Merging document (no matchers set): {spring={main={web-environment=false}, jmx={enabled=false}}, ibmmq={host=ibmmq, port=1414, username=mq, password=mq, queueManager=LOCAL.DOCKER.QMGR, channel=PASSWORD.SVRCONN}}
23:20:59.060 [main] DEBUG org.springframework.beans.factory.config.YamlMapFactoryBean - Loaded 1 document from YAML resource: class path resource [application.yml]
23:20:59.062 [main] DEBUG org.springframework.beans.factory.config.YamlMapFactoryBean - Loading from YAML: class path resource [application.yml]
23:20:59.064 [main] DEBUG org.springframework.beans.factory.config.YamlMapFactoryBean - Merging document (no matchers set): {spring={main={web-environment=false}, jmx={enabled=false}}, ibmmq={host=ibmmq, port=1414, username=mq, password=mq, queueManager=LOCAL.DOCKER.QMGR, channel=PASSWORD.SVRCONN}}
23:20:59.064 [main] DEBUG org.springframework.beans.factory.config.YamlMapFactoryBean - Loaded 1 document from YAML resource: class path resource [application.yml]
</system-out>
  </testcase>
  <testcase classname="org.springframework.cloud.stream.binder.jms.ibmmq.integration.EndToEndIntegrationTests" name="scs_whenNoConsumerGroups_appsReceiveMessage" time="0.001">
    <error message="Could not create MQ Queue Manager object for &apos;LOCAL.DOCKER.QMGR&apos;" type="java.lang.RuntimeException">java.lang.RuntimeException: Could not create MQ Queue Manager object for &apos;LOCAL.DOCKER.QMGR&apos;
	at org.springframework.cloud.stream.binder.jms.ibmmq.IBMMQRequests.&lt;init&gt;(IBMMQRequests.java:52)
	at org.springframework.cloud.stream.binder.jms.ibmmq.IBMMQProvisioningProvider.&lt;init&gt;(IBMMQProvisioningProvider.java:47)
	at org.springframework.cloud.stream.binder.jms.ibmmq.integration.EndToEndIntegrationTests.&lt;init&gt;(EndToEndIntegrationTests.java:28)
	at sun.reflect.NativeConstructorAccessorImpl.newInstance0(Native Method)
	at sun.reflect.NativeConstructorAccessorImpl.newInstance(NativeConstructorAccessorImpl.java:62)
	at sun.reflect.DelegatingConstructorAccessorImpl.newInstance(DelegatingConstructorAccessorImpl.java:45)
	at java.lang.reflect.Constructor.newInstance(Constructor.java:423)
	at org.junit.runners.BlockJUnit4ClassRunner.createTest(BlockJUnit4ClassRunner.java:217)
	at org.junit.runners.BlockJUnit4ClassRunner$1.runReflectiveCall(BlockJUnit4ClassRunner.java:266)
	at org.junit.internal.runners.model.ReflectiveCallable.run(ReflectiveCallable.java:12)
	at org.junit.runners.BlockJUnit4ClassRunner.methodBlock(BlockJUnit4ClassRunner.java:263)
	at org.junit.runners.BlockJUnit4ClassRunner.runChild(BlockJUnit4ClassRunner.java:78)
	at org.junit.runners.BlockJUnit4ClassRunner.runChild(BlockJUnit4ClassRunner.java:57)
	at org.junit.runners.ParentRunner$3.run(ParentRunner.java:290)
	at org.junit.runners.ParentRunner$1.schedule(ParentRunner.java:71)
	at org.junit.runners.ParentRunner.runChildren(ParentRunner.java:288)
	at org.junit.runners.ParentRunner.access$000(ParentRunner.java:58)
	at org.junit.runners.ParentRunner$2.evaluate(ParentRunner.java:268)
	at org.junit.runners.ParentRunner.run(ParentRunner.java:363)
	at org.apache.maven.surefire.junit4.JUnit4Provider.execute(JUnit4Provider.java:252)
	at org.apache.maven.surefire.junit4.JUnit4Provider.executeTestSet(JUnit4Provider.java:141)
	at org.apache.maven.surefire.junit4.JUnit4Provider.invoke(JUnit4Provider.java:112)
	at sun.reflect.NativeMethodAccessorImpl.invoke0(Native Method)
	at sun.reflect.NativeMethodAccessorImpl.invoke(NativeMethodAccessorImpl.java:62)
	at sun.reflect.DelegatingMethodAccessorImpl.invoke(DelegatingMethodAccessorImpl.java:43)
	at java.lang.reflect.Method.invoke(Method.java:498)
	at org.apache.maven.surefire.util.ReflectionUtils.invokeMethodWithArray(ReflectionUtils.java:189)
	at org.apache.maven.surefire.booter.ProviderFactory$ProviderProxy.invoke(ProviderFactory.java:165)
	at org.apache.maven.surefire.booter.ProviderFactory.invokeProvider(ProviderFactory.java:85)
	at org.apache.maven.surefire.booter.ForkedBooter.runSuitesInProcess(ForkedBooter.java:115)
	at org.apache.maven.surefire.booter.ForkedBooter.main(ForkedBooter.java:75)
</error>
    <system-out>23:20:59.081 [main] DEBUG org.springframework.beans.factory.config.YamlMapFactoryBean - Loading from YAML: class path resource [application.yml]
23:20:59.088 [main] DEBUG org.springframework.beans.factory.config.YamlMapFactoryBean - Merging document (no matchers set): {spring={main={web-environment=false}, jmx={enabled=false}}, ibmmq={host=ibmmq, port=1414, username=mq, password=mq, queueManager=LOCAL.DOCKER.QMGR, channel=PASSWORD.SVRCONN}}
23:20:59.089 [main] DEBUG org.springframework.beans.factory.config.YamlMapFactoryBean - Loaded 1 document from YAML resource: class path resource [application.yml]
23:20:59.089 [main] DEBUG org.springframework.beans.factory.config.YamlMapFactoryBean - Loading from YAML: class path resource [application.yml]
23:20:59.091 [main] DEBUG org.springframework.beans.factory.config.YamlMapFactoryBean - Merging document (no matchers set): {spring={main={web-environment=false}, jmx={enabled=false}}, ibmmq={host=ibmmq, port=1414, username=mq, password=mq, queueManager=LOCAL.DOCKER.QMGR, channel=PASSWORD.SVRCONN}}
23:20:59.091 [main] DEBUG org.springframework.beans.factory.config.YamlMapFactoryBean - Loaded 1 document from YAML resource: class path resource [application.yml]
23:20:59.093 [main] DEBUG org.springframework.beans.factory.config.YamlMapFactoryBean - Loading from YAML: class path resource [application.yml]
23:20:59.095 [main] DEBUG org.springframework.beans.factory.config.YamlMapFactoryBean - Merging document (no matchers set): {spring={main={web-environment=false}, jmx={enabled=false}}, ibmmq={host=ibmmq, port=1414, username=mq, password=mq, queueManager=LOCAL.DOCKER.QMGR, channel=PASSWORD.SVRCONN}}
23:20:59.096 [main] DEBUG org.springframework.beans.factory.config.YamlMapFactoryBean - Loaded 1 document from YAML resource: class path resource [application.yml]
</system-out>
  </testcase>
  <testcase classname="org.springframework.cloud.stream.binder.jms.ibmmq.integration.EndToEndIntegrationTests" name="scs_whenHeadersAreSpecified_headersArePassedThrough" time="0.001">
    <error message="Could not create MQ Queue Manager object for &apos;LOCAL.DOCKER.QMGR&apos;" type="java.lang.RuntimeException">java.lang.RuntimeException: Could not create MQ Queue Manager object for &apos;LOCAL.DOCKER.QMGR&apos;
	at org.springframework.cloud.stream.binder.jms.ibmmq.IBMMQRequests.&lt;init&gt;(IBMMQRequests.java:52)
	at org.springframework.cloud.stream.binder.jms.ibmmq.IBMMQProvisioningProvider.&lt;init&gt;(IBMMQProvisioningProvider.java:47)
	at org.springframework.cloud.stream.binder.jms.ibmmq.integration.EndToEndIntegrationTests.&lt;init&gt;(EndToEndIntegrationTests.java:28)
	at sun.reflect.NativeConstructorAccessorImpl.newInstance0(Native Method)
	at sun.reflect.NativeConstructorAccessorImpl.newInstance(NativeConstructorAccessorImpl.java:62)
	at sun.reflect.DelegatingConstructorAccessorImpl.newInstance(DelegatingConstructorAccessorImpl.java:45)
	at java.lang.reflect.Constructor.newInstance(Constructor.java:423)
	at org.junit.runners.BlockJUnit4ClassRunner.createTest(BlockJUnit4ClassRunner.java:217)
	at org.junit.runners.BlockJUnit4ClassRunner$1.runReflectiveCall(BlockJUnit4ClassRunner.java:266)
	at org.junit.internal.runners.model.ReflectiveCallable.run(ReflectiveCallable.java:12)
	at org.junit.runners.BlockJUnit4ClassRunner.methodBlock(BlockJUnit4ClassRunner.java:263)
	at org.junit.runners.BlockJUnit4ClassRunner.runChild(BlockJUnit4ClassRunner.java:78)
	at org.junit.runners.BlockJUnit4ClassRunner.runChild(BlockJUnit4ClassRunner.java:57)
	at org.junit.runners.ParentRunner$3.run(ParentRunner.java:290)
	at org.junit.runners.ParentRunner$1.schedule(ParentRunner.java:71)
	at org.junit.runners.ParentRunner.runChildren(ParentRunner.java:288)
	at org.junit.runners.ParentRunner.access$000(ParentRunner.java:58)
	at org.junit.runners.ParentRunner$2.evaluate(ParentRunner.java:268)
	at org.junit.runners.ParentRunner.run(ParentRunner.java:363)
	at org.apache.maven.surefire.junit4.JUnit4Provider.execute(JUnit4Provider.java:252)
	at org.apache.maven.surefire.junit4.JUnit4Provider.executeTestSet(JUnit4Provider.java:141)
	at org.apache.maven.surefire.junit4.JUnit4Provider.invoke(JUnit4Provider.java:112)
	at sun.reflect.NativeMethodAccessorImpl.invoke0(Native Method)
	at sun.reflect.NativeMethodAccessorImpl.invoke(NativeMethodAccessorImpl.java:62)
	at sun.reflect.DelegatingMethodAccessorImpl.invoke(DelegatingMethodAccessorImpl.java:43)
	at java.lang.reflect.Method.invoke(Method.java:498)
	at org.apache.maven.surefire.util.ReflectionUtils.invokeMethodWithArray(ReflectionUtils.java:189)
	at org.apache.maven.surefire.booter.ProviderFactory$ProviderProxy.invoke(ProviderFactory.java:165)
	at org.apache.maven.surefire.booter.ProviderFactory.invokeProvider(ProviderFactory.java:85)
	at org.apache.maven.surefire.booter.ForkedBooter.runSuitesInProcess(ForkedBooter.java:115)
	at org.apache.maven.surefire.booter.ForkedBooter.main(ForkedBooter.java:75)
</error>
    <system-out>23:20:59.112 [main] DEBUG org.springframework.beans.factory.config.YamlMapFactoryBean - Loading from YAML: class path resource [application.yml]
23:20:59.113 [main] DEBUG org.springframework.beans.factory.config.YamlMapFactoryBean - Merging document (no matchers set): {spring={main={web-environment=false}, jmx={enabled=false}}, ibmmq={host=ibmmq, port=1414, username=mq, password=mq, queueManager=LOCAL.DOCKER.QMGR, channel=PASSWORD.SVRCONN}}
23:20:59.114 [main] DEBUG org.springframework.beans.factory.config.YamlMapFactoryBean - Loaded 1 document from YAML resource: class path resource [application.yml]
23:20:59.114 [main] DEBUG org.springframework.beans.factory.config.YamlMapFactoryBean - Loading from YAML: class path resource [application.yml]
23:20:59.116 [main] DEBUG org.springframework.beans.factory.config.YamlMapFactoryBean - Merging document (no matchers set): {spring={main={web-environment=false}, jmx={enabled=false}}, ibmmq={host=ibmmq, port=1414, username=mq, password=mq, queueManager=LOCAL.DOCKER.QMGR, channel=PASSWORD.SVRCONN}}
23:20:59.116 [main] DEBUG org.springframework.beans.factory.config.YamlMapFactoryBean - Loaded 1 document from YAML resource: class path resource [application.yml]
23:20:59.118 [main] DEBUG org.springframework.beans.factory.config.YamlMapFactoryBean - Loading from YAML: class path resource [application.yml]
23:20:59.121 [main] DEBUG org.springframework.beans.factory.config.YamlMapFactoryBean - Merging document (no matchers set): {spring={main={web-environment=false}, jmx={enabled=false}}, ibmmq={host=ibmmq, port=1414, username=mq, password=mq, queueManager=LOCAL.DOCKER.QMGR, channel=PASSWORD.SVRCONN}}
23:20:59.121 [main] DEBUG org.springframework.beans.factory.config.YamlMapFactoryBean - Loaded 1 document from YAML resource: class path resource [application.yml]
</system-out>
  </testcase>
  <testcase classname="org.springframework.cloud.stream.binder.jms.ibmmq.integration.EndToEndIntegrationTests" name="scs_whenMultipleMembersOfSameConsumerGroup_groupOnlySeesEachMessageOnce" time="0.001">
    <error message="Could not create MQ Queue Manager object for &apos;LOCAL.DOCKER.QMGR&apos;" type="java.lang.RuntimeException">java.lang.RuntimeException: Could not create MQ Queue Manager object for &apos;LOCAL.DOCKER.QMGR&apos;
	at org.springframework.cloud.stream.binder.jms.ibmmq.IBMMQRequests.&lt;init&gt;(IBMMQRequests.java:52)
	at org.springframework.cloud.stream.binder.jms.ibmmq.IBMMQProvisioningProvider.&lt;init&gt;(IBMMQProvisioningProvider.java:47)
	at org.springframework.cloud.stream.binder.jms.ibmmq.integration.EndToEndIntegrationTests.&lt;init&gt;(EndToEndIntegrationTests.java:28)
	at sun.reflect.NativeConstructorAccessorImpl.newInstance0(Native Method)
	at sun.reflect.NativeConstructorAccessorImpl.newInstance(NativeConstructorAccessorImpl.java:62)
	at sun.reflect.DelegatingConstructorAccessorImpl.newInstance(DelegatingConstructorAccessorImpl.java:45)
	at java.lang.reflect.Constructor.newInstance(Constructor.java:423)
	at org.junit.runners.BlockJUnit4ClassRunner.createTest(BlockJUnit4ClassRunner.java:217)
	at org.junit.runners.BlockJUnit4ClassRunner$1.runReflectiveCall(BlockJUnit4ClassRunner.java:266)
	at org.junit.internal.runners.model.ReflectiveCallable.run(ReflectiveCallable.java:12)
	at org.junit.runners.BlockJUnit4ClassRunner.methodBlock(BlockJUnit4ClassRunner.java:263)
	at org.junit.runners.BlockJUnit4ClassRunner.runChild(BlockJUnit4ClassRunner.java:78)
	at org.junit.runners.BlockJUnit4ClassRunner.runChild(BlockJUnit4ClassRunner.java:57)
	at org.junit.runners.ParentRunner$3.run(ParentRunner.java:290)
	at org.junit.runners.ParentRunner$1.schedule(ParentRunner.java:71)
	at org.junit.runners.ParentRunner.runChildren(ParentRunner.java:288)
	at org.junit.runners.ParentRunner.access$000(ParentRunner.java:58)
	at org.junit.runners.ParentRunner$2.evaluate(ParentRunner.java:268)
	at org.junit.runners.ParentRunner.run(ParentRunner.java:363)
	at org.apache.maven.surefire.junit4.JUnit4Provider.execute(JUnit4Provider.java:252)
	at org.apache.maven.surefire.junit4.JUnit4Provider.executeTestSet(JUnit4Provider.java:141)
	at org.apache.maven.surefire.junit4.JUnit4Provider.invoke(JUnit4Provider.java:112)
	at sun.reflect.NativeMethodAccessorImpl.invoke0(Native Method)
	at sun.reflect.NativeMethodAccessorImpl.invoke(NativeMethodAccessorImpl.java:62)
	at sun.reflect.DelegatingMethodAccessorImpl.invoke(DelegatingMethodAccessorImpl.java:43)
	at java.lang.reflect.Method.invoke(Method.java:498)
	at org.apache.maven.surefire.util.ReflectionUtils.invokeMethodWithArray(ReflectionUtils.java:189)
	at org.apache.maven.surefire.booter.ProviderFactory$ProviderProxy.invoke(ProviderFactory.java:165)
	at org.apache.maven.surefire.booter.ProviderFactory.invokeProvider(ProviderFactory.java:85)
	at org.apache.maven.surefire.booter.ForkedBooter.runSuitesInProcess(ForkedBooter.java:115)
	at org.apache.maven.surefire.booter.ForkedBooter.main(ForkedBooter.java:75)
</error>
    <system-out>23:20:59.131 [main] DEBUG org.springframework.beans.factory.config.YamlMapFactoryBean - Loading from YAML: class path resource [application.yml]
23:20:59.138 [main] DEBUG org.springframework.beans.factory.config.YamlMapFactoryBean - Merging document (no matchers set): {spring={main={web-environment=false}, jmx={enabled=false}}, ibmmq={host=ibmmq, port=1414, username=mq, password=mq, queueManager=LOCAL.DOCKER.QMGR, channel=PASSWORD.SVRCONN}}
23:20:59.141 [main] DEBUG org.springframework.beans.factory.config.YamlMapFactoryBean - Loaded 1 document from YAML resource: class path resource [application.yml]
23:20:59.142 [main] DEBUG org.springframework.beans.factory.config.YamlMapFactoryBean - Loading from YAML: class path resource [application.yml]
23:20:59.144 [main] DEBUG org.springframework.beans.factory.config.YamlMapFactoryBean - Merging document (no matchers set): {spring={main={web-environment=false}, jmx={enabled=false}}, ibmmq={host=ibmmq, port=1414, username=mq, password=mq, queueManager=LOCAL.DOCKER.QMGR, channel=PASSWORD.SVRCONN}}
23:20:59.144 [main] DEBUG org.springframework.beans.factory.config.YamlMapFactoryBean - Loaded 1 document from YAML resource: class path resource [application.yml]
23:20:59.145 [main] DEBUG org.springframework.beans.factory.config.YamlMapFactoryBean - Loading from YAML: class path resource [application.yml]
23:20:59.147 [main] DEBUG org.springframework.beans.factory.config.YamlMapFactoryBean - Merging document (no matchers set): {spring={main={web-environment=false}, jmx={enabled=false}}, ibmmq={host=ibmmq, port=1414, username=mq, password=mq, queueManager=LOCAL.DOCKER.QMGR, channel=PASSWORD.SVRCONN}}
23:20:59.147 [main] DEBUG org.springframework.beans.factory.config.YamlMapFactoryBean - Loaded 1 document from YAML resource: class path resource [application.yml]
</system-out>
  </testcase>
  <testcase classname="org.springframework.cloud.stream.binder.jms.ibmmq.integration.EndToEndIntegrationTests" name="scs_whenConsumerFails_retriesTheSpecifiedAmountOfTimes" time="0">
    <error message="Could not create MQ Queue Manager object for &apos;LOCAL.DOCKER.QMGR&apos;" type="java.lang.RuntimeException">java.lang.RuntimeException: Could not create MQ Queue Manager object for &apos;LOCAL.DOCKER.QMGR&apos;
	at org.springframework.cloud.stream.binder.jms.ibmmq.IBMMQRequests.&lt;init&gt;(IBMMQRequests.java:52)
	at org.springframework.cloud.stream.binder.jms.ibmmq.IBMMQProvisioningProvider.&lt;init&gt;(IBMMQProvisioningProvider.java:47)
	at org.springframework.cloud.stream.binder.jms.ibmmq.integration.EndToEndIntegrationTests.&lt;init&gt;(EndToEndIntegrationTests.java:28)
	at sun.reflect.NativeConstructorAccessorImpl.newInstance0(Native Method)
	at sun.reflect.NativeConstructorAccessorImpl.newInstance(NativeConstructorAccessorImpl.java:62)
	at sun.reflect.DelegatingConstructorAccessorImpl.newInstance(DelegatingConstructorAccessorImpl.java:45)
	at java.lang.reflect.Constructor.newInstance(Constructor.java:423)
	at org.junit.runners.BlockJUnit4ClassRunner.createTest(BlockJUnit4ClassRunner.java:217)
	at org.junit.runners.BlockJUnit4ClassRunner$1.runReflectiveCall(BlockJUnit4ClassRunner.java:266)
	at org.junit.internal.runners.model.ReflectiveCallable.run(ReflectiveCallable.java:12)
	at org.junit.runners.BlockJUnit4ClassRunner.methodBlock(BlockJUnit4ClassRunner.java:263)
	at org.junit.runners.BlockJUnit4ClassRunner.runChild(BlockJUnit4ClassRunner.java:78)
	at org.junit.runners.BlockJUnit4ClassRunner.runChild(BlockJUnit4ClassRunner.java:57)
	at org.junit.runners.ParentRunner$3.run(ParentRunner.java:290)
	at org.junit.runners.ParentRunner$1.schedule(ParentRunner.java:71)
	at org.junit.runners.ParentRunner.runChildren(ParentRunner.java:288)
	at org.junit.runners.ParentRunner.access$000(ParentRunner.java:58)
	at org.junit.runners.ParentRunner$2.evaluate(ParentRunner.java:268)
	at org.junit.runners.ParentRunner.run(ParentRunner.java:363)
	at org.apache.maven.surefire.junit4.JUnit4Provider.execute(JUnit4Provider.java:252)
	at org.apache.maven.surefire.junit4.JUnit4Provider.executeTestSet(JUnit4Provider.java:141)
	at org.apache.maven.surefire.junit4.JUnit4Provider.invoke(JUnit4Provider.java:112)
	at sun.reflect.NativeMethodAccessorImpl.invoke0(Native Method)
	at sun.reflect.NativeMethodAccessorImpl.invoke(NativeMethodAccessorImpl.java:62)
	at sun.reflect.DelegatingMethodAccessorImpl.invoke(DelegatingMethodAccessorImpl.java:43)
	at java.lang.reflect.Method.invoke(Method.java:498)
	at org.apache.maven.surefire.util.ReflectionUtils.invokeMethodWithArray(ReflectionUtils.java:189)
	at org.apache.maven.surefire.booter.ProviderFactory$ProviderProxy.invoke(ProviderFactory.java:165)
	at org.apache.maven.surefire.booter.ProviderFactory.invokeProvider(ProviderFactory.java:85)
	at org.apache.maven.surefire.booter.ForkedBooter.runSuitesInProcess(ForkedBooter.java:115)
	at org.apache.maven.surefire.booter.ForkedBooter.main(ForkedBooter.java:75)
</error>
    <system-out>23:20:59.155 [main] DEBUG org.springframework.beans.factory.config.YamlMapFactoryBean - Loading from YAML: class path resource [application.yml]
23:20:59.159 [main] DEBUG org.springframework.beans.factory.config.YamlMapFactoryBean - Merging document (no matchers set): {spring={main={web-environment=false}, jmx={enabled=false}}, ibmmq={host=ibmmq, port=1414, username=mq, password=mq, queueManager=LOCAL.DOCKER.QMGR, channel=PASSWORD.SVRCONN}}
23:20:59.159 [main] DEBUG org.springframework.beans.factory.config.YamlMapFactoryBean - Loaded 1 document from YAML resource: class path resource [application.yml]
23:20:59.160 [main] DEBUG org.springframework.beans.factory.config.YamlMapFactoryBean - Loading from YAML: class path resource [application.yml]
23:20:59.162 [main] DEBUG org.springframework.beans.factory.config.YamlMapFactoryBean - Merging document (no matchers set): {spring={main={web-environment=false}, jmx={enabled=false}}, ibmmq={host=ibmmq, port=1414, username=mq, password=mq, queueManager=LOCAL.DOCKER.QMGR, channel=PASSWORD.SVRCONN}}
23:20:59.162 [main] DEBUG org.springframework.beans.factory.config.YamlMapFactoryBean - Loaded 1 document from YAML resource: class path resource [application.yml]
23:20:59.163 [main] DEBUG org.springframework.beans.factory.config.YamlMapFactoryBean - Loading from YAML: class path resource [application.yml]
23:20:59.164 [main] DEBUG org.springframework.beans.factory.config.YamlMapFactoryBean - Merging document (no matchers set): {spring={main={web-environment=false}, jmx={enabled=false}}, ibmmq={host=ibmmq, port=1414, username=mq, password=mq, queueManager=LOCAL.DOCKER.QMGR, channel=PASSWORD.SVRCONN}}
23:20:59.166 [main] DEBUG org.springframework.beans.factory.config.YamlMapFactoryBean - Loaded 1 document from YAML resource: class path resource [application.yml]
</system-out>
  </testcase>
  <testcase classname="org.springframework.cloud.stream.binder.jms.ibmmq.integration.EndToEndIntegrationTests" name="scs_supportsSerializable" time="0.001">
    <error message="Could not create MQ Queue Manager object for &apos;LOCAL.DOCKER.QMGR&apos;" type="java.lang.RuntimeException">java.lang.RuntimeException: Could not create MQ Queue Manager object for &apos;LOCAL.DOCKER.QMGR&apos;
	at org.springframework.cloud.stream.binder.jms.ibmmq.IBMMQRequests.&lt;init&gt;(IBMMQRequests.java:52)
	at org.springframework.cloud.stream.binder.jms.ibmmq.IBMMQProvisioningProvider.&lt;init&gt;(IBMMQProvisioningProvider.java:47)
	at org.springframework.cloud.stream.binder.jms.ibmmq.integration.EndToEndIntegrationTests.&lt;init&gt;(EndToEndIntegrationTests.java:28)
	at sun.reflect.NativeConstructorAccessorImpl.newInstance0(Native Method)
	at sun.reflect.NativeConstructorAccessorImpl.newInstance(NativeConstructorAccessorImpl.java:62)
	at sun.reflect.DelegatingConstructorAccessorImpl.newInstance(DelegatingConstructorAccessorImpl.java:45)
	at java.lang.reflect.Constructor.newInstance(Constructor.java:423)
	at org.junit.runners.BlockJUnit4ClassRunner.createTest(BlockJUnit4ClassRunner.java:217)
	at org.junit.runners.BlockJUnit4ClassRunner$1.runReflectiveCall(BlockJUnit4ClassRunner.java:266)
	at org.junit.internal.runners.model.ReflectiveCallable.run(ReflectiveCallable.java:12)
	at org.junit.runners.BlockJUnit4ClassRunner.methodBlock(BlockJUnit4ClassRunner.java:263)
	at org.junit.runners.BlockJUnit4ClassRunner.runChild(BlockJUnit4ClassRunner.java:78)
	at org.junit.runners.BlockJUnit4ClassRunner.runChild(BlockJUnit4ClassRunner.java:57)
	at org.junit.runners.ParentRunner$3.run(ParentRunner.java:290)
	at org.junit.runners.ParentRunner$1.schedule(ParentRunner.java:71)
	at org.junit.runners.ParentRunner.runChildren(ParentRunner.java:288)
	at org.junit.runners.ParentRunner.access$000(ParentRunner.java:58)
	at org.junit.runners.ParentRunner$2.evaluate(ParentRunner.java:268)
	at org.junit.runners.ParentRunner.run(ParentRunner.java:363)
	at org.apache.maven.surefire.junit4.JUnit4Provider.execute(JUnit4Provider.java:252)
	at org.apache.maven.surefire.junit4.JUnit4Provider.executeTestSet(JUnit4Provider.java:141)
	at org.apache.maven.surefire.junit4.JUnit4Provider.invoke(JUnit4Provider.java:112)
	at sun.reflect.NativeMethodAccessorImpl.invoke0(Native Method)
	at sun.reflect.NativeMethodAccessorImpl.invoke(NativeMethodAccessorImpl.java:62)
	at sun.reflect.DelegatingMethodAccessorImpl.invoke(DelegatingMethodAccessorImpl.java:43)
	at java.lang.reflect.Method.invoke(Method.java:498)
	at org.apache.maven.surefire.util.ReflectionUtils.invokeMethodWithArray(ReflectionUtils.java:189)
	at org.apache.maven.surefire.booter.ProviderFactory$ProviderProxy.invoke(ProviderFactory.java:165)
	at org.apache.maven.surefire.booter.ProviderFactory.invokeProvider(ProviderFactory.java:85)
	at org.apache.maven.surefire.booter.ForkedBooter.runSuitesInProcess(ForkedBooter.java:115)
	at org.apache.maven.surefire.booter.ForkedBooter.main(ForkedBooter.java:75)
</error>
    <system-out>23:20:59.170 [main] DEBUG org.springframework.beans.factory.config.YamlMapFactoryBean - Loading from YAML: class path resource [application.yml]
23:20:59.173 [main] DEBUG org.springframework.beans.factory.config.YamlMapFactoryBean - Merging document (no matchers set): {spring={main={web-environment=false}, jmx={enabled=false}}, ibmmq={host=ibmmq, port=1414, username=mq, password=mq, queueManager=LOCAL.DOCKER.QMGR, channel=PASSWORD.SVRCONN}}
23:20:59.174 [main] DEBUG org.springframework.beans.factory.config.YamlMapFactoryBean - Loaded 1 document from YAML resource: class path resource [application.yml]
23:20:59.174 [main] DEBUG org.springframework.beans.factory.config.YamlMapFactoryBean - Loading from YAML: class path resource [application.yml]
23:20:59.176 [main] DEBUG org.springframework.beans.factory.config.YamlMapFactoryBean - Merging document (no matchers set): {spring={main={web-environment=false}, jmx={enabled=false}}, ibmmq={host=ibmmq, port=1414, username=mq, password=mq, queueManager=LOCAL.DOCKER.QMGR, channel=PASSWORD.SVRCONN}}
23:20:59.176 [main] DEBUG org.springframework.beans.factory.config.YamlMapFactoryBean - Loaded 1 document from YAML resource: class path resource [application.yml]
23:20:59.178 [main] DEBUG org.springframework.beans.factory.config.YamlMapFactoryBean - Loading from YAML: class path resource [application.yml]
23:20:59.180 [main] DEBUG org.springframework.beans.factory.config.YamlMapFactoryBean - Merging document (no matchers set): {spring={main={web-environment=false}, jmx={enabled=false}}, ibmmq={host=ibmmq, port=1414, username=mq, password=mq, queueManager=LOCAL.DOCKER.QMGR, channel=PASSWORD.SVRCONN}}
23:20:59.180 [main] DEBUG org.springframework.beans.factory.config.YamlMapFactoryBean - Loaded 1 document from YAML resource: class path resource [application.yml]
</system-out>
  </testcase>
  <testcase classname="org.springframework.cloud.stream.binder.jms.ibmmq.integration.EndToEndIntegrationTests" name="scs_whenMultipleConsumerGroups_eachGroupGetsAllMessages" time="0.002">
    <error message="Could not create MQ Queue Manager object for &apos;LOCAL.DOCKER.QMGR&apos;" type="java.lang.RuntimeException">java.lang.RuntimeException: Could not create MQ Queue Manager object for &apos;LOCAL.DOCKER.QMGR&apos;
	at org.springframework.cloud.stream.binder.jms.ibmmq.IBMMQRequests.&lt;init&gt;(IBMMQRequests.java:52)
	at org.springframework.cloud.stream.binder.jms.ibmmq.IBMMQProvisioningProvider.&lt;init&gt;(IBMMQProvisioningProvider.java:47)
	at org.springframework.cloud.stream.binder.jms.ibmmq.integration.EndToEndIntegrationTests.&lt;init&gt;(EndToEndIntegrationTests.java:28)
	at sun.reflect.NativeConstructorAccessorImpl.newInstance0(Native Method)
	at sun.reflect.NativeConstructorAccessorImpl.newInstance(NativeConstructorAccessorImpl.java:62)
	at sun.reflect.DelegatingConstructorAccessorImpl.newInstance(DelegatingConstructorAccessorImpl.java:45)
	at java.lang.reflect.Constructor.newInstance(Constructor.java:423)
	at org.junit.runners.BlockJUnit4ClassRunner.createTest(BlockJUnit4ClassRunner.java:217)
	at org.junit.runners.BlockJUnit4ClassRunner$1.runReflectiveCall(BlockJUnit4ClassRunner.java:266)
	at org.junit.internal.runners.model.ReflectiveCallable.run(ReflectiveCallable.java:12)
	at org.junit.runners.BlockJUnit4ClassRunner.methodBlock(BlockJUnit4ClassRunner.java:263)
	at org.junit.runners.BlockJUnit4ClassRunner.runChild(BlockJUnit4ClassRunner.java:78)
	at org.junit.runners.BlockJUnit4ClassRunner.runChild(BlockJUnit4ClassRunner.java:57)
	at org.junit.runners.ParentRunner$3.run(ParentRunner.java:290)
	at org.junit.runners.ParentRunner$1.schedule(ParentRunner.java:71)
	at org.junit.runners.ParentRunner.runChildren(ParentRunner.java:288)
	at org.junit.runners.ParentRunner.access$000(ParentRunner.java:58)
	at org.junit.runners.ParentRunner$2.evaluate(ParentRunner.java:268)
	at org.junit.runners.ParentRunner.run(ParentRunner.java:363)
	at org.apache.maven.surefire.junit4.JUnit4Provider.execute(JUnit4Provider.java:252)
	at org.apache.maven.surefire.junit4.JUnit4Provider.executeTestSet(JUnit4Provider.java:141)
	at org.apache.maven.surefire.junit4.JUnit4Provider.invoke(JUnit4Provider.java:112)
	at sun.reflect.NativeMethodAccessorImpl.invoke0(Native Method)
	at sun.reflect.NativeMethodAccessorImpl.invoke(NativeMethodAccessorImpl.java:62)
	at sun.reflect.DelegatingMethodAccessorImpl.invoke(DelegatingMethodAccessorImpl.java:43)
	at java.lang.reflect.Method.invoke(Method.java:498)
	at org.apache.maven.surefire.util.ReflectionUtils.invokeMethodWithArray(ReflectionUtils.java:189)
	at org.apache.maven.surefire.booter.ProviderFactory$ProviderProxy.invoke(ProviderFactory.java:165)
	at org.apache.maven.surefire.booter.ProviderFactory.invokeProvider(ProviderFactory.java:85)
	at org.apache.maven.surefire.booter.ForkedBooter.runSuitesInProcess(ForkedBooter.java:115)
	at org.apache.maven.surefire.booter.ForkedBooter.main(ForkedBooter.java:75)
</error>
    <system-out>23:20:59.204 [main] DEBUG org.springframework.beans.factory.config.YamlMapFactoryBean - Loading from YAML: class path resource [application.yml]
23:20:59.207 [main] DEBUG org.springframework.beans.factory.config.YamlMapFactoryBean - Merging document (no matchers set): {spring={main={web-environment=false}, jmx={enabled=false}}, ibmmq={host=ibmmq, port=1414, username=mq, password=mq, queueManager=LOCAL.DOCKER.QMGR, channel=PASSWORD.SVRCONN}}
23:20:59.210 [main] DEBUG org.springframework.beans.factory.config.YamlMapFactoryBean - Loaded 1 document from YAML resource: class path resource [application.yml]
23:20:59.210 [main] DEBUG org.springframework.beans.factory.config.YamlMapFactoryBean - Loading from YAML: class path resource [application.yml]
23:20:59.211 [main] DEBUG org.springframework.beans.factory.config.YamlMapFactoryBean - Merging document (no matchers set): {spring={main={web-environment=false}, jmx={enabled=false}}, ibmmq={host=ibmmq, port=1414, username=mq, password=mq, queueManager=LOCAL.DOCKER.QMGR, channel=PASSWORD.SVRCONN}}
23:20:59.211 [main] DEBUG org.springframework.beans.factory.config.YamlMapFactoryBean - Loaded 1 document from YAML resource: class path resource [application.yml]
23:20:59.213 [main] DEBUG org.springframework.beans.factory.config.YamlMapFactoryBean - Loading from YAML: class path resource [application.yml]
23:20:59.214 [main] DEBUG org.springframework.beans.factory.config.YamlMapFactoryBean - Merging document (no matchers set): {spring={main={web-environment=false}, jmx={enabled=false}}, ibmmq={host=ibmmq, port=1414, username=mq, password=mq, queueManager=LOCAL.DOCKER.QMGR, channel=PASSWORD.SVRCONN}}
23:20:59.215 [main] DEBUG org.springframework.beans.factory.config.YamlMapFactoryBean - Loaded 1 document from YAML resource: class path resource [application.yml]
</system-out>
  </testcase>
  <testcase classname="org.springframework.cloud.stream.binder.jms.ibmmq.integration.EndToEndIntegrationTests" name="scs_whenHeadersContainingIllegalCharactersAreSpecified_headersAreRewrittenAndPassedThrough" time="0.001">
    <error message="Could not create MQ Queue Manager object for &apos;LOCAL.DOCKER.QMGR&apos;" type="java.lang.RuntimeException">java.lang.RuntimeException: Could not create MQ Queue Manager object for &apos;LOCAL.DOCKER.QMGR&apos;
	at org.springframework.cloud.stream.binder.jms.ibmmq.IBMMQRequests.&lt;init&gt;(IBMMQRequests.java:52)
	at org.springframework.cloud.stream.binder.jms.ibmmq.IBMMQProvisioningProvider.&lt;init&gt;(IBMMQProvisioningProvider.java:47)
	at org.springframework.cloud.stream.binder.jms.ibmmq.integration.EndToEndIntegrationTests.&lt;init&gt;(EndToEndIntegrationTests.java:28)
	at sun.reflect.NativeConstructorAccessorImpl.newInstance0(Native Method)
	at sun.reflect.NativeConstructorAccessorImpl.newInstance(NativeConstructorAccessorImpl.java:62)
	at sun.reflect.DelegatingConstructorAccessorImpl.newInstance(DelegatingConstructorAccessorImpl.java:45)
	at java.lang.reflect.Constructor.newInstance(Constructor.java:423)
	at org.junit.runners.BlockJUnit4ClassRunner.createTest(BlockJUnit4ClassRunner.java:217)
	at org.junit.runners.BlockJUnit4ClassRunner$1.runReflectiveCall(BlockJUnit4ClassRunner.java:266)
	at org.junit.internal.runners.model.ReflectiveCallable.run(ReflectiveCallable.java:12)
	at org.junit.runners.BlockJUnit4ClassRunner.methodBlock(BlockJUnit4ClassRunner.java:263)
	at org.junit.runners.BlockJUnit4ClassRunner.runChild(BlockJUnit4ClassRunner.java:78)
	at org.junit.runners.BlockJUnit4ClassRunner.runChild(BlockJUnit4ClassRunner.java:57)
	at org.junit.runners.ParentRunner$3.run(ParentRunner.java:290)
	at org.junit.runners.ParentRunner$1.schedule(ParentRunner.java:71)
	at org.junit.runners.ParentRunner.runChildren(ParentRunner.java:288)
	at org.junit.runners.ParentRunner.access$000(ParentRunner.java:58)
	at org.junit.runners.ParentRunner$2.evaluate(ParentRunner.java:268)
	at org.junit.runners.ParentRunner.run(ParentRunner.java:363)
	at org.apache.maven.surefire.junit4.JUnit4Provider.execute(JUnit4Provider.java:252)
	at org.apache.maven.surefire.junit4.JUnit4Provider.executeTestSet(JUnit4Provider.java:141)
	at org.apache.maven.surefire.junit4.JUnit4Provider.invoke(JUnit4Provider.java:112)
	at sun.reflect.NativeMethodAccessorImpl.invoke0(Native Method)
	at sun.reflect.NativeMethodAccessorImpl.invoke(NativeMethodAccessorImpl.java:62)
	at sun.reflect.DelegatingMethodAccessorImpl.invoke(DelegatingMethodAccessorImpl.java:43)
	at java.lang.reflect.Method.invoke(Method.java:498)
	at org.apache.maven.surefire.util.ReflectionUtils.invokeMethodWithArray(ReflectionUtils.java:189)
	at org.apache.maven.surefire.booter.ProviderFactory$ProviderProxy.invoke(ProviderFactory.java:165)
	at org.apache.maven.surefire.booter.ProviderFactory.invokeProvider(ProviderFactory.java:85)
	at org.apache.maven.surefire.booter.ForkedBooter.runSuitesInProcess(ForkedBooter.java:115)
	at org.apache.maven.surefire.booter.ForkedBooter.main(ForkedBooter.java:75)
</error>
    <system-out>23:20:59.223 [main] DEBUG org.springframework.beans.factory.config.YamlMapFactoryBean - Loading from YAML: class path resource [application.yml]
23:20:59.224 [main] DEBUG org.springframework.beans.factory.config.YamlMapFactoryBean - Merging document (no matchers set): {spring={main={web-environment=false}, jmx={enabled=false}}, ibmmq={host=ibmmq, port=1414, username=mq, password=mq, queueManager=LOCAL.DOCKER.QMGR, channel=PASSWORD.SVRCONN}}
23:20:59.225 [main] DEBUG org.springframework.beans.factory.config.YamlMapFactoryBean - Loaded 1 document from YAML resource: class path resource [application.yml]
23:20:59.225 [main] DEBUG org.springframework.beans.factory.config.YamlMapFactoryBean - Loading from YAML: class path resource [application.yml]
23:20:59.227 [main] DEBUG org.springframework.beans.factory.config.YamlMapFactoryBean - Merging document (no matchers set): {spring={main={web-environment=false}, jmx={enabled=false}}, ibmmq={host=ibmmq, port=1414, username=mq, password=mq, queueManager=LOCAL.DOCKER.QMGR, channel=PASSWORD.SVRCONN}}
23:20:59.227 [main] DEBUG org.springframework.beans.factory.config.YamlMapFactoryBean - Loaded 1 document from YAML resource: class path resource [application.yml]
23:20:59.228 [main] DEBUG org.springframework.beans.factory.config.YamlMapFactoryBean - Loading from YAML: class path resource [application.yml]
23:20:59.229 [main] DEBUG org.springframework.beans.factory.config.YamlMapFactoryBean - Merging document (no matchers set): {spring={main={web-environment=false}, jmx={enabled=false}}, ibmmq={host=ibmmq, port=1414, username=mq, password=mq, queueManager=LOCAL.DOCKER.QMGR, channel=PASSWORD.SVRCONN}}
23:20:59.229 [main] DEBUG org.springframework.beans.factory.config.YamlMapFactoryBean - Loaded 1 document from YAML resource: class path resource [application.yml]
</system-out>
  </testcase>
  <testcase classname="org.springframework.cloud.stream.binder.jms.ibmmq.integration.EndToEndIntegrationTests" name="scs_maxAttempts1_preventsRetry" time="0">
    <error message="Could not create MQ Queue Manager object for &apos;LOCAL.DOCKER.QMGR&apos;" type="java.lang.RuntimeException">java.lang.RuntimeException: Could not create MQ Queue Manager object for &apos;LOCAL.DOCKER.QMGR&apos;
	at org.springframework.cloud.stream.binder.jms.ibmmq.IBMMQRequests.&lt;init&gt;(IBMMQRequests.java:52)
	at org.springframework.cloud.stream.binder.jms.ibmmq.IBMMQProvisioningProvider.&lt;init&gt;(IBMMQProvisioningProvider.java:47)
	at org.springframework.cloud.stream.binder.jms.ibmmq.integration.EndToEndIntegrationTests.&lt;init&gt;(EndToEndIntegrationTests.java:28)
	at sun.reflect.NativeConstructorAccessorImpl.newInstance0(Native Method)
	at sun.reflect.NativeConstructorAccessorImpl.newInstance(NativeConstructorAccessorImpl.java:62)
	at sun.reflect.DelegatingConstructorAccessorImpl.newInstance(DelegatingConstructorAccessorImpl.java:45)
	at java.lang.reflect.Constructor.newInstance(Constructor.java:423)
	at org.junit.runners.BlockJUnit4ClassRunner.createTest(BlockJUnit4ClassRunner.java:217)
	at org.junit.runners.BlockJUnit4ClassRunner$1.runReflectiveCall(BlockJUnit4ClassRunner.java:266)
	at org.junit.internal.runners.model.ReflectiveCallable.run(ReflectiveCallable.java:12)
	at org.junit.runners.BlockJUnit4ClassRunner.methodBlock(BlockJUnit4ClassRunner.java:263)
	at org.junit.runners.BlockJUnit4ClassRunner.runChild(BlockJUnit4ClassRunner.java:78)
	at org.junit.runners.BlockJUnit4ClassRunner.runChild(BlockJUnit4ClassRunner.java:57)
	at org.junit.runners.ParentRunner$3.run(ParentRunner.java:290)
	at org.junit.runners.ParentRunner$1.schedule(ParentRunner.java:71)
	at org.junit.runners.ParentRunner.runChildren(ParentRunner.java:288)
	at org.junit.runners.ParentRunner.access$000(ParentRunner.java:58)
	at org.junit.runners.ParentRunner$2.evaluate(ParentRunner.java:268)
	at org.junit.runners.ParentRunner.run(ParentRunner.java:363)
	at org.apache.maven.surefire.junit4.JUnit4Provider.execute(JUnit4Provider.java:252)
	at org.apache.maven.surefire.junit4.JUnit4Provider.executeTestSet(JUnit4Provider.java:141)
	at org.apache.maven.surefire.junit4.JUnit4Provider.invoke(JUnit4Provider.java:112)
	at sun.reflect.NativeMethodAccessorImpl.invoke0(Native Method)
	at sun.reflect.NativeMethodAccessorImpl.invoke(NativeMethodAccessorImpl.java:62)
	at sun.reflect.DelegatingMethodAccessorImpl.invoke(DelegatingMethodAccessorImpl.java:43)
	at java.lang.reflect.Method.invoke(Method.java:498)
	at org.apache.maven.surefire.util.ReflectionUtils.invokeMethodWithArray(ReflectionUtils.java:189)
	at org.apache.maven.surefire.booter.ProviderFactory$ProviderProxy.invoke(ProviderFactory.java:165)
	at org.apache.maven.surefire.booter.ProviderFactory.invokeProvider(ProviderFactory.java:85)
	at org.apache.maven.surefire.booter.ForkedBooter.runSuitesInProcess(ForkedBooter.java:115)
	at org.apache.maven.surefire.booter.ForkedBooter.main(ForkedBooter.java:75)
</error>
    <system-out>23:20:59.239 [main] DEBUG org.springframework.beans.factory.config.YamlMapFactoryBean - Loading from YAML: class path resource [application.yml]
23:20:59.243 [main] DEBUG org.springframework.beans.factory.config.YamlMapFactoryBean - Merging document (no matchers set): {spring={main={web-environment=false}, jmx={enabled=false}}, ibmmq={host=ibmmq, port=1414, username=mq, password=mq, queueManager=LOCAL.DOCKER.QMGR, channel=PASSWORD.SVRCONN}}
23:20:59.243 [main] DEBUG org.springframework.beans.factory.config.YamlMapFactoryBean - Loaded 1 document from YAML resource: class path resource [application.yml]
23:20:59.244 [main] DEBUG org.springframework.beans.factory.config.YamlMapFactoryBean - Loading from YAML: class path resource [application.yml]
23:20:59.245 [main] DEBUG org.springframework.beans.factory.config.YamlMapFactoryBean - Merging document (no matchers set): {spring={main={web-environment=false}, jmx={enabled=false}}, ibmmq={host=ibmmq, port=1414, username=mq, password=mq, queueManager=LOCAL.DOCKER.QMGR, channel=PASSWORD.SVRCONN}}
23:20:59.245 [main] DEBUG org.springframework.beans.factory.config.YamlMapFactoryBean - Loaded 1 document from YAML resource: class path resource [application.yml]
23:20:59.246 [main] DEBUG org.springframework.beans.factory.config.YamlMapFactoryBean - Loading from YAML: class path resource [application.yml]
23:20:59.250 [main] DEBUG org.springframework.beans.factory.config.YamlMapFactoryBean - Merging document (no matchers set): {spring={main={web-environment=false}, jmx={enabled=false}}, ibmmq={host=ibmmq, port=1414, username=mq, password=mq, queueManager=LOCAL.DOCKER.QMGR, channel=PASSWORD.SVRCONN}}
23:20:59.251 [main] DEBUG org.springframework.beans.factory.config.YamlMapFactoryBean - Loaded 1 document from YAML resource: class path resource [application.yml]
</system-out>
  </testcase>
  <testcase classname="org.springframework.cloud.stream.binder.jms.ibmmq.integration.EndToEndIntegrationTests" name="scs_supportsPrimitive" time="0.001">
    <error message="Could not create MQ Queue Manager object for &apos;LOCAL.DOCKER.QMGR&apos;" type="java.lang.RuntimeException">java.lang.RuntimeException: Could not create MQ Queue Manager object for &apos;LOCAL.DOCKER.QMGR&apos;
	at org.springframework.cloud.stream.binder.jms.ibmmq.IBMMQRequests.&lt;init&gt;(IBMMQRequests.java:52)
	at org.springframework.cloud.stream.binder.jms.ibmmq.IBMMQProvisioningProvider.&lt;init&gt;(IBMMQProvisioningProvider.java:47)
	at org.springframework.cloud.stream.binder.jms.ibmmq.integration.EndToEndIntegrationTests.&lt;init&gt;(EndToEndIntegrationTests.java:28)
	at sun.reflect.NativeConstructorAccessorImpl.newInstance0(Native Method)
	at sun.reflect.NativeConstructorAccessorImpl.newInstance(NativeConstructorAccessorImpl.java:62)
	at sun.reflect.DelegatingConstructorAccessorImpl.newInstance(DelegatingConstructorAccessorImpl.java:45)
	at java.lang.reflect.Constructor.newInstance(Constructor.java:423)
	at org.junit.runners.BlockJUnit4ClassRunner.createTest(BlockJUnit4ClassRunner.java:217)
	at org.junit.runners.BlockJUnit4ClassRunner$1.runReflectiveCall(BlockJUnit4ClassRunner.java:266)
	at org.junit.internal.runners.model.ReflectiveCallable.run(ReflectiveCallable.java:12)
	at org.junit.runners.BlockJUnit4ClassRunner.methodBlock(BlockJUnit4ClassRunner.java:263)
	at org.junit.runners.BlockJUnit4ClassRunner.runChild(BlockJUnit4ClassRunner.java:78)
	at org.junit.runners.BlockJUnit4ClassRunner.runChild(BlockJUnit4ClassRunner.java:57)
	at org.junit.runners.ParentRunner$3.run(ParentRunner.java:290)
	at org.junit.runners.ParentRunner$1.schedule(ParentRunner.java:71)
	at org.junit.runners.ParentRunner.runChildren(ParentRunner.java:288)
	at org.junit.runners.ParentRunner.access$000(ParentRunner.java:58)
	at org.junit.runners.ParentRunner$2.evaluate(ParentRunner.java:268)
	at org.junit.runners.ParentRunner.run(ParentRunner.java:363)
	at org.apache.maven.surefire.junit4.JUnit4Provider.execute(JUnit4Provider.java:252)
	at org.apache.maven.surefire.junit4.JUnit4Provider.executeTestSet(JUnit4Provider.java:141)
	at org.apache.maven.surefire.junit4.JUnit4Provider.invoke(JUnit4Provider.java:112)
	at sun.reflect.NativeMethodAccessorImpl.invoke0(Native Method)
	at sun.reflect.NativeMethodAccessorImpl.invoke(NativeMethodAccessorImpl.java:62)
	at sun.reflect.DelegatingMethodAccessorImpl.invoke(DelegatingMethodAccessorImpl.java:43)
	at java.lang.reflect.Method.invoke(Method.java:498)
	at org.apache.maven.surefire.util.ReflectionUtils.invokeMethodWithArray(ReflectionUtils.java:189)
	at org.apache.maven.surefire.booter.ProviderFactory$ProviderProxy.invoke(ProviderFactory.java:165)
	at org.apache.maven.surefire.booter.ProviderFactory.invokeProvider(ProviderFactory.java:85)
	at org.apache.maven.surefire.booter.ForkedBooter.runSuitesInProcess(ForkedBooter.java:115)
	at org.apache.maven.surefire.booter.ForkedBooter.main(ForkedBooter.java:75)
</error>
    <system-out>23:20:59.275 [main] DEBUG org.springframework.beans.factory.config.YamlMapFactoryBean - Loading from YAML: class path resource [application.yml]
23:20:59.277 [main] DEBUG org.springframework.beans.factory.config.YamlMapFactoryBean - Merging document (no matchers set): {spring={main={web-environment=false}, jmx={enabled=false}}, ibmmq={host=ibmmq, port=1414, username=mq, password=mq, queueManager=LOCAL.DOCKER.QMGR, channel=PASSWORD.SVRCONN}}
23:20:59.277 [main] DEBUG org.springframework.beans.factory.config.YamlMapFactoryBean - Loaded 1 document from YAML resource: class path resource [application.yml]
23:20:59.278 [main] DEBUG org.springframework.beans.factory.config.YamlMapFactoryBean - Loading from YAML: class path resource [application.yml]
23:20:59.286 [main] DEBUG org.springframework.beans.factory.config.YamlMapFactoryBean - Merging document (no matchers set): {spring={main={web-environment=false}, jmx={enabled=false}}, ibmmq={host=ibmmq, port=1414, username=mq, password=mq, queueManager=LOCAL.DOCKER.QMGR, channel=PASSWORD.SVRCONN}}
23:20:59.287 [main] DEBUG org.springframework.beans.factory.config.YamlMapFactoryBean - Loaded 1 document from YAML resource: class path resource [application.yml]
23:20:59.290 [main] DEBUG org.springframework.beans.factory.config.YamlMapFactoryBean - Loading from YAML: class path resource [application.yml]
23:20:59.292 [main] DEBUG org.springframework.beans.factory.config.YamlMapFactoryBean - Merging document (no matchers set): {spring={main={web-environment=false}, jmx={enabled=false}}, ibmmq={host=ibmmq, port=1414, username=mq, password=mq, queueManager=LOCAL.DOCKER.QMGR, channel=PASSWORD.SVRCONN}}
23:20:59.295 [main] DEBUG org.springframework.beans.factory.config.YamlMapFactoryBean - Loaded 1 document from YAML resource: class path resource [application.yml]
</system-out>
  </testcase>
  <testcase classname="org.springframework.cloud.stream.binder.jms.ibmmq.integration.EndToEndIntegrationTests" name="scs_whenAPartitioningKeyIsConfigured_messagesAreRoutedToTheRelevantPartition" time="0.001">
    <error message="Could not create MQ Queue Manager object for &apos;LOCAL.DOCKER.QMGR&apos;" type="java.lang.RuntimeException">java.lang.RuntimeException: Could not create MQ Queue Manager object for &apos;LOCAL.DOCKER.QMGR&apos;
	at org.springframework.cloud.stream.binder.jms.ibmmq.IBMMQRequests.&lt;init&gt;(IBMMQRequests.java:52)
	at org.springframework.cloud.stream.binder.jms.ibmmq.IBMMQProvisioningProvider.&lt;init&gt;(IBMMQProvisioningProvider.java:47)
	at org.springframework.cloud.stream.binder.jms.ibmmq.integration.EndToEndIntegrationTests.&lt;init&gt;(EndToEndIntegrationTests.java:28)
	at sun.reflect.NativeConstructorAccessorImpl.newInstance0(Native Method)
	at sun.reflect.NativeConstructorAccessorImpl.newInstance(NativeConstructorAccessorImpl.java:62)
	at sun.reflect.DelegatingConstructorAccessorImpl.newInstance(DelegatingConstructorAccessorImpl.java:45)
	at java.lang.reflect.Constructor.newInstance(Constructor.java:423)
	at org.junit.runners.BlockJUnit4ClassRunner.createTest(BlockJUnit4ClassRunner.java:217)
	at org.junit.runners.BlockJUnit4ClassRunner$1.runReflectiveCall(BlockJUnit4ClassRunner.java:266)
	at org.junit.internal.runners.model.ReflectiveCallable.run(ReflectiveCallable.java:12)
	at org.junit.runners.BlockJUnit4ClassRunner.methodBlock(BlockJUnit4ClassRunner.java:263)
	at org.junit.runners.BlockJUnit4ClassRunner.runChild(BlockJUnit4ClassRunner.java:78)
	at org.junit.runners.BlockJUnit4ClassRunner.runChild(BlockJUnit4ClassRunner.java:57)
	at org.junit.runners.ParentRunner$3.run(ParentRunner.java:290)
	at org.junit.runners.ParentRunner$1.schedule(ParentRunner.java:71)
	at org.junit.runners.ParentRunner.runChildren(ParentRunner.java:288)
	at org.junit.runners.ParentRunner.access$000(ParentRunner.java:58)
	at org.junit.runners.ParentRunner$2.evaluate(ParentRunner.java:268)
	at org.junit.runners.ParentRunner.run(ParentRunner.java:363)
	at org.apache.maven.surefire.junit4.JUnit4Provider.execute(JUnit4Provider.java:252)
	at org.apache.maven.surefire.junit4.JUnit4Provider.executeTestSet(JUnit4Provider.java:141)
	at org.apache.maven.surefire.junit4.JUnit4Provider.invoke(JUnit4Provider.java:112)
	at sun.reflect.NativeMethodAccessorImpl.invoke0(Native Method)
	at sun.reflect.NativeMethodAccessorImpl.invoke(NativeMethodAccessorImpl.java:62)
	at sun.reflect.DelegatingMethodAccessorImpl.invoke(DelegatingMethodAccessorImpl.java:43)
	at java.lang.reflect.Method.invoke(Method.java:498)
	at org.apache.maven.surefire.util.ReflectionUtils.invokeMethodWithArray(ReflectionUtils.java:189)
	at org.apache.maven.surefire.booter.ProviderFactory$ProviderProxy.invoke(ProviderFactory.java:165)
	at org.apache.maven.surefire.booter.ProviderFactory.invokeProvider(ProviderFactory.java:85)
	at org.apache.maven.surefire.booter.ForkedBooter.runSuitesInProcess(ForkedBooter.java:115)
	at org.apache.maven.surefire.booter.ForkedBooter.main(ForkedBooter.java:75)
</error>
    <system-out>23:20:59.315 [main] DEBUG org.springframework.beans.factory.config.YamlMapFactoryBean - Loading from YAML: class path resource [application.yml]
23:20:59.320 [main] DEBUG org.springframework.beans.factory.config.YamlMapFactoryBean - Merging document (no matchers set): {spring={main={web-environment=false}, jmx={enabled=false}}, ibmmq={host=ibmmq, port=1414, username=mq, password=mq, queueManager=LOCAL.DOCKER.QMGR, channel=PASSWORD.SVRCONN}}
23:20:59.321 [main] DEBUG org.springframework.beans.factory.config.YamlMapFactoryBean - Loaded 1 document from YAML resource: class path resource [application.yml]
23:20:59.321 [main] DEBUG org.springframework.beans.factory.config.YamlMapFactoryBean - Loading from YAML: class path resource [application.yml]
23:20:59.327 [main] DEBUG org.springframework.beans.factory.config.YamlMapFactoryBean - Merging document (no matchers set): {spring={main={web-environment=false}, jmx={enabled=false}}, ibmmq={host=ibmmq, port=1414, username=mq, password=mq, queueManager=LOCAL.DOCKER.QMGR, channel=PASSWORD.SVRCONN}}
23:20:59.328 [main] DEBUG org.springframework.beans.factory.config.YamlMapFactoryBean - Loaded 1 document from YAML resource: class path resource [application.yml]
23:20:59.329 [main] DEBUG org.springframework.beans.factory.config.YamlMapFactoryBean - Loading from YAML: class path resource [application.yml]
23:20:59.330 [main] DEBUG org.springframework.beans.factory.config.YamlMapFactoryBean - Merging document (no matchers set): {spring={main={web-environment=false}, jmx={enabled=false}}, ibmmq={host=ibmmq, port=1414, username=mq, password=mq, queueManager=LOCAL.DOCKER.QMGR, channel=PASSWORD.SVRCONN}}
23:20:59.330 [main] DEBUG org.springframework.beans.factory.config.YamlMapFactoryBean - Loaded 1 document from YAML resource: class path resource [application.yml]
</system-out>
  </testcase>
  <testcase classname="org.springframework.cloud.stream.binder.jms.ibmmq.integration.EndToEndIntegrationTests" name="scs_whenMessageIsSentToDLQ_stackTraceAddedToHeaders" time="0.002">
    <error message="Could not create MQ Queue Manager object for &apos;LOCAL.DOCKER.QMGR&apos;" type="java.lang.RuntimeException">java.lang.RuntimeException: Could not create MQ Queue Manager object for &apos;LOCAL.DOCKER.QMGR&apos;
	at org.springframework.cloud.stream.binder.jms.ibmmq.IBMMQRequests.&lt;init&gt;(IBMMQRequests.java:52)
	at org.springframework.cloud.stream.binder.jms.ibmmq.IBMMQProvisioningProvider.&lt;init&gt;(IBMMQProvisioningProvider.java:47)
	at org.springframework.cloud.stream.binder.jms.ibmmq.integration.EndToEndIntegrationTests.&lt;init&gt;(EndToEndIntegrationTests.java:28)
	at sun.reflect.NativeConstructorAccessorImpl.newInstance0(Native Method)
	at sun.reflect.NativeConstructorAccessorImpl.newInstance(NativeConstructorAccessorImpl.java:62)
	at sun.reflect.DelegatingConstructorAccessorImpl.newInstance(DelegatingConstructorAccessorImpl.java:45)
	at java.lang.reflect.Constructor.newInstance(Constructor.java:423)
	at org.junit.runners.BlockJUnit4ClassRunner.createTest(BlockJUnit4ClassRunner.java:217)
	at org.junit.runners.BlockJUnit4ClassRunner$1.runReflectiveCall(BlockJUnit4ClassRunner.java:266)
	at org.junit.internal.runners.model.ReflectiveCallable.run(ReflectiveCallable.java:12)
	at org.junit.runners.BlockJUnit4ClassRunner.methodBlock(BlockJUnit4ClassRunner.java:263)
	at org.junit.runners.BlockJUnit4ClassRunner.runChild(BlockJUnit4ClassRunner.java:78)
	at org.junit.runners.BlockJUnit4ClassRunner.runChild(BlockJUnit4ClassRunner.java:57)
	at org.junit.runners.ParentRunner$3.run(ParentRunner.java:290)
	at org.junit.runners.ParentRunner$1.schedule(ParentRunner.java:71)
	at org.junit.runners.ParentRunner.runChildren(ParentRunner.java:288)
	at org.junit.runners.ParentRunner.access$000(ParentRunner.java:58)
	at org.junit.runners.ParentRunner$2.evaluate(ParentRunner.java:268)
	at org.junit.runners.ParentRunner.run(ParentRunner.java:363)
	at org.apache.maven.surefire.junit4.JUnit4Provider.execute(JUnit4Provider.java:252)
	at org.apache.maven.surefire.junit4.JUnit4Provider.executeTestSet(JUnit4Provider.java:141)
	at org.apache.maven.surefire.junit4.JUnit4Provider.invoke(JUnit4Provider.java:112)
	at sun.reflect.NativeMethodAccessorImpl.invoke0(Native Method)
	at sun.reflect.NativeMethodAccessorImpl.invoke(NativeMethodAccessorImpl.java:62)
	at sun.reflect.DelegatingMethodAccessorImpl.invoke(DelegatingMethodAccessorImpl.java:43)
	at java.lang.reflect.Method.invoke(Method.java:498)
	at org.apache.maven.surefire.util.ReflectionUtils.invokeMethodWithArray(ReflectionUtils.java:189)
	at org.apache.maven.surefire.booter.ProviderFactory$ProviderProxy.invoke(ProviderFactory.java:165)
	at org.apache.maven.surefire.booter.ProviderFactory.invokeProvider(ProviderFactory.java:85)
	at org.apache.maven.surefire.booter.ForkedBooter.runSuitesInProcess(ForkedBooter.java:115)
	at org.apache.maven.surefire.booter.ForkedBooter.main(ForkedBooter.java:75)
</error>
    <system-out>23:20:59.362 [main] DEBUG org.springframework.beans.factory.config.YamlMapFactoryBean - Loading from YAML: class path resource [application.yml]
23:20:59.373 [main] DEBUG org.springframework.beans.factory.config.YamlMapFactoryBean - Merging document (no matchers set): {spring={main={web-environment=false}, jmx={enabled=false}}, ibmmq={host=ibmmq, port=1414, username=mq, password=mq, queueManager=LOCAL.DOCKER.QMGR, channel=PASSWORD.SVRCONN}}
23:20:59.373 [main] DEBUG org.springframework.beans.factory.config.YamlMapFactoryBean - Loaded 1 document from YAML resource: class path resource [application.yml]
23:20:59.374 [main] DEBUG org.springframework.beans.factory.config.YamlMapFactoryBean - Loading from YAML: class path resource [application.yml]
23:20:59.377 [main] DEBUG org.springframework.beans.factory.config.YamlMapFactoryBean - Merging document (no matchers set): {spring={main={web-environment=false}, jmx={enabled=false}}, ibmmq={host=ibmmq, port=1414, username=mq, password=mq, queueManager=LOCAL.DOCKER.QMGR, channel=PASSWORD.SVRCONN}}
23:20:59.377 [main] DEBUG org.springframework.beans.factory.config.YamlMapFactoryBean - Loaded 1 document from YAML resource: class path resource [application.yml]
23:20:59.378 [main] DEBUG org.springframework.beans.factory.config.YamlMapFactoryBean - Loading from YAML: class path resource [application.yml]
23:20:59.379 [main] DEBUG org.springframework.beans.factory.config.YamlMapFactoryBean - Merging document (no matchers set): {spring={main={web-environment=false}, jmx={enabled=false}}, ibmmq={host=ibmmq, port=1414, username=mq, password=mq, queueManager=LOCAL.DOCKER.QMGR, channel=PASSWORD.SVRCONN}}
23:20:59.379 [main] DEBUG org.springframework.beans.factory.config.YamlMapFactoryBean - Loaded 1 document from YAML resource: class path resource [application.yml]
</system-out>
  </testcase>
  <testcase classname="org.springframework.cloud.stream.binder.jms.ibmmq.integration.EndToEndIntegrationTests" name="scs_whenAPartitioningKeyIsConfiguredAsWellAsRequired_messagesArePersistedInTheRelevantPartition" time="0.001">
    <error message="Could not create MQ Queue Manager object for &apos;LOCAL.DOCKER.QMGR&apos;" type="java.lang.RuntimeException">java.lang.RuntimeException: Could not create MQ Queue Manager object for &apos;LOCAL.DOCKER.QMGR&apos;
	at org.springframework.cloud.stream.binder.jms.ibmmq.IBMMQRequests.&lt;init&gt;(IBMMQRequests.java:52)
	at org.springframework.cloud.stream.binder.jms.ibmmq.IBMMQProvisioningProvider.&lt;init&gt;(IBMMQProvisioningProvider.java:47)
	at org.springframework.cloud.stream.binder.jms.ibmmq.integration.EndToEndIntegrationTests.&lt;init&gt;(EndToEndIntegrationTests.java:28)
	at sun.reflect.NativeConstructorAccessorImpl.newInstance0(Native Method)
	at sun.reflect.NativeConstructorAccessorImpl.newInstance(NativeConstructorAccessorImpl.java:62)
	at sun.reflect.DelegatingConstructorAccessorImpl.newInstance(DelegatingConstructorAccessorImpl.java:45)
	at java.lang.reflect.Constructor.newInstance(Constructor.java:423)
	at org.junit.runners.BlockJUnit4ClassRunner.createTest(BlockJUnit4ClassRunner.java:217)
	at org.junit.runners.BlockJUnit4ClassRunner$1.runReflectiveCall(BlockJUnit4ClassRunner.java:266)
	at org.junit.internal.runners.model.ReflectiveCallable.run(ReflectiveCallable.java:12)
	at org.junit.runners.BlockJUnit4ClassRunner.methodBlock(BlockJUnit4ClassRunner.java:263)
	at org.junit.runners.BlockJUnit4ClassRunner.runChild(BlockJUnit4ClassRunner.java:78)
	at org.junit.runners.BlockJUnit4ClassRunner.runChild(BlockJUnit4ClassRunner.java:57)
	at org.junit.runners.ParentRunner$3.run(ParentRunner.java:290)
	at org.junit.runners.ParentRunner$1.schedule(ParentRunner.java:71)
	at org.junit.runners.ParentRunner.runChildren(ParentRunner.java:288)
	at org.junit.runners.ParentRunner.access$000(ParentRunner.java:58)
	at org.junit.runners.ParentRunner$2.evaluate(ParentRunner.java:268)
	at org.junit.runners.ParentRunner.run(ParentRunner.java:363)
	at org.apache.maven.surefire.junit4.JUnit4Provider.execute(JUnit4Provider.java:252)
	at org.apache.maven.surefire.junit4.JUnit4Provider.executeTestSet(JUnit4Provider.java:141)
	at org.apache.maven.surefire.junit4.JUnit4Provider.invoke(JUnit4Provider.java:112)
	at sun.reflect.NativeMethodAccessorImpl.invoke0(Native Method)
	at sun.reflect.NativeMethodAccessorImpl.invoke(NativeMethodAccessorImpl.java:62)
	at sun.reflect.DelegatingMethodAccessorImpl.invoke(DelegatingMethodAccessorImpl.java:43)
	at java.lang.reflect.Method.invoke(Method.java:498)
	at org.apache.maven.surefire.util.ReflectionUtils.invokeMethodWithArray(ReflectionUtils.java:189)
	at org.apache.maven.surefire.booter.ProviderFactory$ProviderProxy.invoke(ProviderFactory.java:165)
	at org.apache.maven.surefire.booter.ProviderFactory.invokeProvider(ProviderFactory.java:85)
	at org.apache.maven.surefire.booter.ForkedBooter.runSuitesInProcess(ForkedBooter.java:115)
	at org.apache.maven.surefire.booter.ForkedBooter.main(ForkedBooter.java:75)
</error>
    <system-out>23:20:59.387 [main] DEBUG org.springframework.beans.factory.config.YamlMapFactoryBean - Loading from YAML: class path resource [application.yml]
23:20:59.388 [main] DEBUG org.springframework.beans.factory.config.YamlMapFactoryBean - Merging document (no matchers set): {spring={main={web-environment=false}, jmx={enabled=false}}, ibmmq={host=ibmmq, port=1414, username=mq, password=mq, queueManager=LOCAL.DOCKER.QMGR, channel=PASSWORD.SVRCONN}}
23:20:59.389 [main] DEBUG org.springframework.beans.factory.config.YamlMapFactoryBean - Loaded 1 document from YAML resource: class path resource [application.yml]
23:20:59.389 [main] DEBUG org.springframework.beans.factory.config.YamlMapFactoryBean - Loading from YAML: class path resource [application.yml]
23:20:59.392 [main] DEBUG org.springframework.beans.factory.config.YamlMapFactoryBean - Merging document (no matchers set): {spring={main={web-environment=false}, jmx={enabled=false}}, ibmmq={host=ibmmq, port=1414, username=mq, password=mq, queueManager=LOCAL.DOCKER.QMGR, channel=PASSWORD.SVRCONN}}
23:20:59.392 [main] DEBUG org.springframework.beans.factory.config.YamlMapFactoryBean - Loaded 1 document from YAML resource: class path resource [application.yml]
23:20:59.393 [main] DEBUG org.springframework.beans.factory.config.YamlMapFactoryBean - Loading from YAML: class path resource [application.yml]
23:20:59.394 [main] DEBUG org.springframework.beans.factory.config.YamlMapFactoryBean - Merging document (no matchers set): {spring={main={web-environment=false}, jmx={enabled=false}}, ibmmq={host=ibmmq, port=1414, username=mq, password=mq, queueManager=LOCAL.DOCKER.QMGR, channel=PASSWORD.SVRCONN}}
23:20:59.394 [main] DEBUG org.springframework.beans.factory.config.YamlMapFactoryBean - Loaded 1 document from YAML resource: class path resource [application.yml]
</system-out>
  </testcase>
</testsuite>