<?xml version="1.0" encoding="UTF-8" ?>
<testsuite tests="14" failures="0" name="org.springframework.cloud.stream.binder.jms.ibmmq.integration.EndToEndIntegrationTests" time="0.031" errors="14" skipped="0">
  <properties>
[...]
</properties>
  <testcase classname="org.springframework.cloud.stream.binder.jms.ibmmq.integration.EndToEndIntegrationTests" name="testBindingDestinationsWithInvalidCharacters" time="0.01">
    <error message="Could not create MQ Queue Manager object for &apos;LOCAL.DOCKER.QMGR&apos;" type="java.lang.RuntimeException">java.lang.RuntimeException: Could not create MQ Queue Manager object for &apos;LOCAL.DOCKER.QMGR&apos;
	at org.springframework.cloud.stream.binder.jms.ibmmq.IBMMQRequests.&lt;init&gt;(IBMMQRequests.java:52)
	at org.springframework.cloud.stream.binder.jms.ibmmq.IBMMQProvisioningProvider.&lt;init&gt;(IBMMQProvisioningProvider.java:47)
	at org.springframework.cloud.stream.binder.jms.ibmmq.integration.EndToEndIntegrationTests.&lt;init&gt;(EndToEndIntegrationTests.java:28)
	at sun.reflect.NativeConstructorAccessorImpl.newInstance0(Native Method)
	at sun.reflect.NativeConstructorAccessorImpl.newInstance(NativeConstructorAccessorImpl.java:62)
	at sun.reflect.DelegatingConstructorAccessorImpl.newInstance(DelegatingConstructorAccessorImpl.java:45)
	at java.lang.reflect.Constructor.newInstance(Constructor.java:423)
	at org.junit.runners.BlockJUnit4ClassRunner.createTest(BlockJUnit4ClassRunner.java:217)
	at org.junit.runners.BlockJUnit4ClassRunner$1.runReflectiveCall(BlockJUnit4ClassRunner.java:266)
	at org.junit.internal.runners.model.ReflectiveCallable.run(ReflectiveCallable.java:12)
	at org.junit.runners.BlockJUnit4ClassRunner.methodBlock(BlockJUnit4ClassRunner.java:263)
	at org.junit.runners.BlockJUnit4ClassRunner.runChild(BlockJUnit4ClassRunner.java:78)
	at org.junit.runners.BlockJUnit4ClassRunner.runChild(BlockJUnit4ClassRunner.java:57)
	at org.junit.runners.ParentRunner$3.run(ParentRunner.java:290)
	at org.junit.runners.ParentRunner$1.schedule(ParentRunner.java:71)
	at org.junit.runners.ParentRunner.runChildren(ParentRunner.java:288)
	at org.junit.runners.ParentRunner.access$000(ParentRunner.java:58)
	at org.junit.runners.ParentRunner$2.evaluate(ParentRunner.java:268)
	at org.junit.runners.ParentRunner.run(ParentRunner.java:363)
	at org.apache.maven.surefire.junit4.JUnit4Provider.execute(JUnit4Provider.java:252)
	at org.apache.maven.surefire.junit4.JUnit4Provider.executeTestSet(JUnit4Provider.java:141)
	at org.apache.maven.surefire.junit4.JUnit4Provider.invoke(JUnit4Provider.java:112)
	at sun.reflect.NativeMethodAccessorImpl.invoke0(Native Method)
	at sun.reflect.NativeMethodAccessorImpl.invoke(NativeMethodAccessorImpl.java:62)
	at sun.reflect.DelegatingMethodAccessorImpl.invoke(DelegatingMethodAccessorImpl.java:43)
	at java.lang.reflect.Method.invoke(Method.java:498)
	at org.apache.maven.surefire.util.ReflectionUtils.invokeMethodWithArray(ReflectionUtils.java:189)
	at org.apache.maven.surefire.booter.ProviderFactory$ProviderProxy.invoke(ProviderFactory.java:165)
	at org.apache.maven.surefire.booter.ProviderFactory.invokeProvider(ProviderFactory.java:85)
	at org.apache.maven.surefire.booter.ForkedBooter.runSuitesInProcess(ForkedBooter.java:115)
	at org.apache.maven.surefire.booter.ForkedBooter.main(ForkedBooter.java:75)
</error>
    <system-out>23:37:19.898 [main] DEBUG org.springframework.beans.factory.config.YamlMapFactoryBean - Loading from YAML: class path resource [application.yml]
23:37:19.956 [main] DEBUG org.springframework.beans.factory.config.YamlMapFactoryBean - Merging document (no matchers set): {spring={main={web-environment=false}, jmx={enabled=false}}, ibmmq={host=ibmmq, port=1414, username=mq, password=mq, queueManager=LOCAL.DOCKER.QMGR, channel=PASSWORD.SVRCONN}}
23:37:19.957 [main] DEBUG org.springframework.beans.factory.config.YamlMapFactoryBean - Loaded 1 document from YAML resource: class path resource [application.yml]
23:37:19.965 [main] DEBUG org.springframework.beans.factory.config.YamlMapFactoryBean - Loading from YAML: class path resource [application.yml]
23:37:19.968 [main] DEBUG org.springframework.beans.factory.config.YamlMapFactoryBean - Merging document (no matchers set): {spring={main={web-environment=false}, jmx={enabled=false}}, ibmmq={host=ibmmq, port=1414, username=mq, password=mq, queueManager=LOCAL.DOCKER.QMGR, channel=PASSWORD.SVRCONN}}
23:37:19.969 [main] DEBUG org.springframework.beans.factory.config.YamlMapFactoryBean - Loaded 1 document from YAML resource: class path resource [application.yml]
23:37:20.521 [main] DEBUG org.springframework.beans.factory.config.YamlMapFactoryBean - Loading from YAML: class path resource [application.yml]
23:37:20.524 [main] DEBUG org.springframework.beans.factory.config.YamlMapFactoryBean - Merging document (no matchers set): {spring={main={web-environment=false}, jmx={enabled=false}}, ibmmq={host=ibmmq, port=1414, username=mq, password=mq, queueManager=LOCAL.DOCKER.QMGR, channel=PASSWORD.SVRCONN}}
23:37:20.524 [main] DEBUG org.springframework.beans.factory.config.YamlMapFactoryBean - Loaded 1 document from YAML resource: class path resource [application.yml]
</system-out>
  </testcase>
  <testcase classname="org.springframework.cloud.stream.binder.jms.ibmmq.integration.EndToEndIntegrationTests" name="scs_whenRequiredGroupsAreSpecified_messagesArePersistedWithoutConsumers" time="0.001">
    <error message="Could not create MQ Queue Manager object for &apos;LOCAL.DOCKER.QMGR&apos;" type="java.lang.RuntimeException">java.lang.RuntimeException: Could not create MQ Queue Manager object for &apos;LOCAL.DOCKER.QMGR&apos;
	at org.springframework.cloud.stream.binder.jms.ibmmq.IBMMQRequests.&lt;init&gt;(IBMMQRequests.java:52)
	at org.springframework.cloud.stream.binder.jms.ibmmq.IBMMQProvisioningProvider.&lt;init&gt;(IBMMQProvisioningProvider.java:47)
	at org.springframework.cloud.stream.binder.jms.ibmmq.integration.EndToEndIntegrationTests.&lt;init&gt;(EndToEndIntegrationTests.java:28)
	at sun.reflect.NativeConstructorAccessorImpl.newInstance0(Native Method)
	at sun.reflect.NativeConstructorAccessorImpl.newInstance(NativeConstructorAccessorImpl.java:62)
	at sun.reflect.DelegatingConstructorAccessorImpl.newInstance(DelegatingConstructorAccessorImpl.java:45)
	at java.lang.reflect.Constructor.newInstance(Constructor.java:423)
	at org.junit.runners.BlockJUnit4ClassRunner.createTest(BlockJUnit4ClassRunner.java:217)
	at org.junit.runners.BlockJUnit4ClassRunner$1.runReflectiveCall(BlockJUnit4ClassRunner.java:266)
	at org.junit.internal.runners.model.ReflectiveCallable.run(ReflectiveCallable.java:12)
	at org.junit.runners.BlockJUnit4ClassRunner.methodBlock(BlockJUnit4ClassRunner.java:263)
	at org.junit.runners.BlockJUnit4ClassRunner.runChild(BlockJUnit4ClassRunner.java:78)
	at org.junit.runners.BlockJUnit4ClassRunner.runChild(BlockJUnit4ClassRunner.java:57)
	at org.junit.runners.ParentRunner$3.run(ParentRunner.java:290)
	at org.junit.runners.ParentRunner$1.schedule(ParentRunner.java:71)
	at org.junit.runners.ParentRunner.runChildren(ParentRunner.java:288)
	at org.junit.runners.ParentRunner.access$000(ParentRunner.java:58)
	at org.junit.runners.ParentRunner$2.evaluate(ParentRunner.java:268)
	at org.junit.runners.ParentRunner.run(ParentRunner.java:363)
	at org.apache.maven.surefire.junit4.JUnit4Provider.execute(JUnit4Provider.java:252)
	at org.apache.maven.surefire.junit4.JUnit4Provider.executeTestSet(JUnit4Provider.java:141)
	at org.apache.maven.surefire.junit4.JUnit4Provider.invoke(JUnit4Provider.java:112)
	at sun.reflect.NativeMethodAccessorImpl.invoke0(Native Method)
	at sun.reflect.NativeMethodAccessorImpl.invoke(NativeMethodAccessorImpl.java:62)
	at sun.reflect.DelegatingMethodAccessorImpl.invoke(DelegatingMethodAccessorImpl.java:43)
	at java.lang.reflect.Method.invoke(Method.java:498)
	at org.apache.maven.surefire.util.ReflectionUtils.invokeMethodWithArray(ReflectionUtils.java:189)
	at org.apache.maven.surefire.booter.ProviderFactory$ProviderProxy.invoke(ProviderFactory.java:165)
	at org.apache.maven.surefire.booter.ProviderFactory.invokeProvider(ProviderFactory.java:85)
	at org.apache.maven.surefire.booter.ForkedBooter.runSuitesInProcess(ForkedBooter.java:115)
	at org.apache.maven.surefire.booter.ForkedBooter.main(ForkedBooter.java:75)
</error>
    <system-out>23:37:20.923 [main] DEBUG org.springframework.beans.factory.config.YamlMapFactoryBean - Loading from YAML: class path resource [application.yml]
23:37:20.926 [main] DEBUG org.springframework.beans.factory.config.YamlMapFactoryBean - Merging document (no matchers set): {spring={main={web-environment=false}, jmx={enabled=false}}, ibmmq={host=ibmmq, port=1414, username=mq, password=mq, queueManager=LOCAL.DOCKER.QMGR, channel=PASSWORD.SVRCONN}}
23:37:20.926 [main] DEBUG org.springframework.beans.factory.config.YamlMapFactoryBean - Loaded 1 document from YAML resource: class path resource [application.yml]
23:37:20.927 [main] DEBUG org.springframework.beans.factory.config.YamlMapFactoryBean - Loading from YAML: class path resource [application.yml]
23:37:20.930 [main] DEBUG org.springframework.beans.factory.config.YamlMapFactoryBean - Merging document (no matchers set): {spring={main={web-environment=false}, jmx={enabled=false}}, ibmmq={host=ibmmq, port=1414, username=mq, password=mq, queueManager=LOCAL.DOCKER.QMGR, channel=PASSWORD.SVRCONN}}
23:37:20.930 [main] DEBUG org.springframework.beans.factory.config.YamlMapFactoryBean - Loaded 1 document from YAML resource: class path resource [application.yml]
23:37:20.932 [main] DEBUG org.springframework.beans.factory.config.YamlMapFactoryBean - Loading from YAML: class path resource [application.yml]
23:37:20.934 [main] DEBUG org.springframework.beans.factory.config.YamlMapFactoryBean - Merging document (no matchers set): {spring={main={web-environment=false}, jmx={enabled=false}}, ibmmq={host=ibmmq, port=1414, username=mq, password=mq, queueManager=LOCAL.DOCKER.QMGR, channel=PASSWORD.SVRCONN}}
23:37:20.934 [main] DEBUG org.springframework.beans.factory.config.YamlMapFactoryBean - Loaded 1 document from YAML resource: class path resource [application.yml]
</system-out>
  </testcase>
  <testcase classname="org.springframework.cloud.stream.binder.jms.ibmmq.integration.EndToEndIntegrationTests" name="scs_whenNoConsumerGroups_appsReceiveMessage" time="0.002">
    <error message="Could not create MQ Queue Manager object for &apos;LOCAL.DOCKER.QMGR&apos;" type="java.lang.RuntimeException">java.lang.RuntimeException: Could not create MQ Queue Manager object for &apos;LOCAL.DOCKER.QMGR&apos;
	at org.springframework.cloud.stream.binder.jms.ibmmq.IBMMQRequests.&lt;init&gt;(IBMMQRequests.java:52)
	at org.springframework.cloud.stream.binder.jms.ibmmq.IBMMQProvisioningProvider.&lt;init&gt;(IBMMQProvisioningProvider.java:47)
	at org.springframework.cloud.stream.binder.jms.ibmmq.integration.EndToEndIntegrationTests.&lt;init&gt;(EndToEndIntegrationTests.java:28)
	at sun.reflect.NativeConstructorAccessorImpl.newInstance0(Native Method)
	at sun.reflect.NativeConstructorAccessorImpl.newInstance(NativeConstructorAccessorImpl.java:62)
	at sun.reflect.DelegatingConstructorAccessorImpl.newInstance(DelegatingConstructorAccessorImpl.java:45)
	at java.lang.reflect.Constructor.newInstance(Constructor.java:423)
	at org.junit.runners.BlockJUnit4ClassRunner.createTest(BlockJUnit4ClassRunner.java:217)
	at org.junit.runners.BlockJUnit4ClassRunner$1.runReflectiveCall(BlockJUnit4ClassRunner.java:266)
	at org.junit.internal.runners.model.ReflectiveCallable.run(ReflectiveCallable.java:12)
	at org.junit.runners.BlockJUnit4ClassRunner.methodBlock(BlockJUnit4ClassRunner.java:263)
	at org.junit.runners.BlockJUnit4ClassRunner.runChild(BlockJUnit4ClassRunner.java:78)
	at org.junit.runners.BlockJUnit4ClassRunner.runChild(BlockJUnit4ClassRunner.java:57)
	at org.junit.runners.ParentRunner$3.run(ParentRunner.java:290)
	at org.junit.runners.ParentRunner$1.schedule(ParentRunner.java:71)
	at org.junit.runners.ParentRunner.runChildren(ParentRunner.java:288)
	at org.junit.runners.ParentRunner.access$000(ParentRunner.java:58)
	at org.junit.runners.ParentRunner$2.evaluate(ParentRunner.java:268)
	at org.junit.runners.ParentRunner.run(ParentRunner.java:363)
	at org.apache.maven.surefire.junit4.JUnit4Provider.execute(JUnit4Provider.java:252)
	at org.apache.maven.surefire.junit4.JUnit4Provider.executeTestSet(JUnit4Provider.java:141)
	at org.apache.maven.surefire.junit4.JUnit4Provider.invoke(JUnit4Provider.java:112)
	at sun.reflect.NativeMethodAccessorImpl.invoke0(Native Method)
	at sun.reflect.NativeMethodAccessorImpl.invoke(NativeMethodAccessorImpl.java:62)
	at sun.reflect.DelegatingMethodAccessorImpl.invoke(DelegatingMethodAccessorImpl.java:43)
	at java.lang.reflect.Method.invoke(Method.java:498)
	at org.apache.maven.surefire.util.ReflectionUtils.invokeMethodWithArray(ReflectionUtils.java:189)
	at org.apache.maven.surefire.booter.ProviderFactory$ProviderProxy.invoke(ProviderFactory.java:165)
	at org.apache.maven.surefire.booter.ProviderFactory.invokeProvider(ProviderFactory.java:85)
	at org.apache.maven.surefire.booter.ForkedBooter.runSuitesInProcess(ForkedBooter.java:115)
	at org.apache.maven.surefire.booter.ForkedBooter.main(ForkedBooter.java:75)
</error>
    <system-out>23:37:20.937 [main] DEBUG org.springframework.beans.factory.config.YamlMapFactoryBean - Loading from YAML: class path resource [application.yml]
23:37:20.940 [main] DEBUG org.springframework.beans.factory.config.YamlMapFactoryBean - Merging document (no matchers set): {spring={main={web-environment=false}, jmx={enabled=false}}, ibmmq={host=ibmmq, port=1414, username=mq, password=mq, queueManager=LOCAL.DOCKER.QMGR, channel=PASSWORD.SVRCONN}}
23:37:20.940 [main] DEBUG org.springframework.beans.factory.config.YamlMapFactoryBean - Loaded 1 document from YAML resource: class path resource [application.yml]
23:37:20.941 [main] DEBUG org.springframework.beans.factory.config.YamlMapFactoryBean - Loading from YAML: class path resource [application.yml]
23:37:20.944 [main] DEBUG org.springframework.beans.factory.config.YamlMapFactoryBean - Merging document (no matchers set): {spring={main={web-environment=false}, jmx={enabled=false}}, ibmmq={host=ibmmq, port=1414, username=mq, password=mq, queueManager=LOCAL.DOCKER.QMGR, channel=PASSWORD.SVRCONN}}
23:37:20.947 [main] DEBUG org.springframework.beans.factory.config.YamlMapFactoryBean - Loaded 1 document from YAML resource: class path resource [application.yml]
23:37:20.949 [main] DEBUG org.springframework.beans.factory.config.YamlMapFactoryBean - Loading from YAML: class path resource [application.yml]
23:37:20.950 [main] DEBUG org.springframework.beans.factory.config.YamlMapFactoryBean - Merging document (no matchers set): {spring={main={web-environment=false}, jmx={enabled=false}}, ibmmq={host=ibmmq, port=1414, username=mq, password=mq, queueManager=LOCAL.DOCKER.QMGR, channel=PASSWORD.SVRCONN}}
23:37:20.950 [main] DEBUG org.springframework.beans.factory.config.YamlMapFactoryBean - Loaded 1 document from YAML resource: class path resource [application.yml]
</system-out>
  </testcase>
  <testcase classname="org.springframework.cloud.stream.binder.jms.ibmmq.integration.EndToEndIntegrationTests" name="scs_whenHeadersAreSpecified_headersArePassedThrough" time="0.002">
    <error message="Could not create MQ Queue Manager object for &apos;LOCAL.DOCKER.QMGR&apos;" type="java.lang.RuntimeException">java.lang.RuntimeException: Could not create MQ Queue Manager object for &apos;LOCAL.DOCKER.QMGR&apos;
	at org.springframework.cloud.stream.binder.jms.ibmmq.IBMMQRequests.&lt;init&gt;(IBMMQRequests.java:52)
	at org.springframework.cloud.stream.binder.jms.ibmmq.IBMMQProvisioningProvider.&lt;init&gt;(IBMMQProvisioningProvider.java:47)
	at org.springframework.cloud.stream.binder.jms.ibmmq.integration.EndToEndIntegrationTests.&lt;init&gt;(EndToEndIntegrationTests.java:28)
	at sun.reflect.NativeConstructorAccessorImpl.newInstance0(Native Method)
	at sun.reflect.NativeConstructorAccessorImpl.newInstance(NativeConstructorAccessorImpl.java:62)
	at sun.reflect.DelegatingConstructorAccessorImpl.newInstance(DelegatingConstructorAccessorImpl.java:45)
	at java.lang.reflect.Constructor.newInstance(Constructor.java:423)
	at org.junit.runners.BlockJUnit4ClassRunner.createTest(BlockJUnit4ClassRunner.java:217)
	at org.junit.runners.BlockJUnit4ClassRunner$1.runReflectiveCall(BlockJUnit4ClassRunner.java:266)
	at org.junit.internal.runners.model.ReflectiveCallable.run(ReflectiveCallable.java:12)
	at org.junit.runners.BlockJUnit4ClassRunner.methodBlock(BlockJUnit4ClassRunner.java:263)
	at org.junit.runners.BlockJUnit4ClassRunner.runChild(BlockJUnit4ClassRunner.java:78)
	at org.junit.runners.BlockJUnit4ClassRunner.runChild(BlockJUnit4ClassRunner.java:57)
	at org.junit.runners.ParentRunner$3.run(ParentRunner.java:290)
	at org.junit.runners.ParentRunner$1.schedule(ParentRunner.java:71)
	at org.junit.runners.ParentRunner.runChildren(ParentRunner.java:288)
	at org.junit.runners.ParentRunner.access$000(ParentRunner.java:58)
	at org.junit.runners.ParentRunner$2.evaluate(ParentRunner.java:268)
	at org.junit.runners.ParentRunner.run(ParentRunner.java:363)
	at org.apache.maven.surefire.junit4.JUnit4Provider.execute(JUnit4Provider.java:252)
	at org.apache.maven.surefire.junit4.JUnit4Provider.executeTestSet(JUnit4Provider.java:141)
	at org.apache.maven.surefire.junit4.JUnit4Provider.invoke(JUnit4Provider.java:112)
	at sun.reflect.NativeMethodAccessorImpl.invoke0(Native Method)
	at sun.reflect.NativeMethodAccessorImpl.invoke(NativeMethodAccessorImpl.java:62)
	at sun.reflect.DelegatingMethodAccessorImpl.invoke(DelegatingMethodAccessorImpl.java:43)
	at java.lang.reflect.Method.invoke(Method.java:498)
	at org.apache.maven.surefire.util.ReflectionUtils.invokeMethodWithArray(ReflectionUtils.java:189)
	at org.apache.maven.surefire.booter.ProviderFactory$ProviderProxy.invoke(ProviderFactory.java:165)
	at org.apache.maven.surefire.booter.ProviderFactory.invokeProvider(ProviderFactory.java:85)
	at org.apache.maven.surefire.booter.ForkedBooter.runSuitesInProcess(ForkedBooter.java:115)
	at org.apache.maven.surefire.booter.ForkedBooter.main(ForkedBooter.java:75)
</error>
    <system-out>23:37:20.957 [main] DEBUG org.springframework.beans.factory.config.YamlMapFactoryBean - Loading from YAML: class path resource [application.yml]
23:37:20.965 [main] DEBUG org.springframework.beans.factory.config.YamlMapFactoryBean - Merging document (no matchers set): {spring={main={web-environment=false}, jmx={enabled=false}}, ibmmq={host=ibmmq, port=1414, username=mq, password=mq, queueManager=LOCAL.DOCKER.QMGR, channel=PASSWORD.SVRCONN}}
23:37:20.965 [main] DEBUG org.springframework.beans.factory.config.YamlMapFactoryBean - Loaded 1 document from YAML resource: class path resource [application.yml]
23:37:20.967 [main] DEBUG org.springframework.beans.factory.config.YamlMapFactoryBean - Loading from YAML: class path resource [application.yml]
23:37:20.968 [main] DEBUG org.springframework.beans.factory.config.YamlMapFactoryBean - Merging document (no matchers set): {spring={main={web-environment=false}, jmx={enabled=false}}, ibmmq={host=ibmmq, port=1414, username=mq, password=mq, queueManager=LOCAL.DOCKER.QMGR, channel=PASSWORD.SVRCONN}}
23:37:20.969 [main] DEBUG org.springframework.beans.factory.config.YamlMapFactoryBean - Loaded 1 document from YAML resource: class path resource [application.yml]
23:37:20.973 [main] DEBUG org.springframework.beans.factory.config.YamlMapFactoryBean - Loading from YAML: class path resource [application.yml]
23:37:20.983 [main] DEBUG org.springframework.beans.factory.config.YamlMapFactoryBean - Merging document (no matchers set): {spring={main={web-environment=false}, jmx={enabled=false}}, ibmmq={host=ibmmq, port=1414, username=mq, password=mq, queueManager=LOCAL.DOCKER.QMGR, channel=PASSWORD.SVRCONN}}
23:37:20.983 [main] DEBUG org.springframework.beans.factory.config.YamlMapFactoryBean - Loaded 1 document from YAML resource: class path resource [application.yml]
</system-out>
  </testcase>
  <testcase classname="org.springframework.cloud.stream.binder.jms.ibmmq.integration.EndToEndIntegrationTests" name="scs_whenMultipleMembersOfSameConsumerGroup_groupOnlySeesEachMessageOnce" time="0.001">
    <error message="Could not create MQ Queue Manager object for &apos;LOCAL.DOCKER.QMGR&apos;" type="java.lang.RuntimeException">java.lang.RuntimeException: Could not create MQ Queue Manager object for &apos;LOCAL.DOCKER.QMGR&apos;
	at org.springframework.cloud.stream.binder.jms.ibmmq.IBMMQRequests.&lt;init&gt;(IBMMQRequests.java:52)
	at org.springframework.cloud.stream.binder.jms.ibmmq.IBMMQProvisioningProvider.&lt;init&gt;(IBMMQProvisioningProvider.java:47)
	at org.springframework.cloud.stream.binder.jms.ibmmq.integration.EndToEndIntegrationTests.&lt;init&gt;(EndToEndIntegrationTests.java:28)
	at sun.reflect.NativeConstructorAccessorImpl.newInstance0(Native Method)
	at sun.reflect.NativeConstructorAccessorImpl.newInstance(NativeConstructorAccessorImpl.java:62)
	at sun.reflect.DelegatingConstructorAccessorImpl.newInstance(DelegatingConstructorAccessorImpl.java:45)
	at java.lang.reflect.Constructor.newInstance(Constructor.java:423)
	at org.junit.runners.BlockJUnit4ClassRunner.createTest(BlockJUnit4ClassRunner.java:217)
	at org.junit.runners.BlockJUnit4ClassRunner$1.runReflectiveCall(BlockJUnit4ClassRunner.java:266)
	at org.junit.internal.runners.model.ReflectiveCallable.run(ReflectiveCallable.java:12)
	at org.junit.runners.BlockJUnit4ClassRunner.methodBlock(BlockJUnit4ClassRunner.java:263)
	at org.junit.runners.BlockJUnit4ClassRunner.runChild(BlockJUnit4ClassRunner.java:78)
	at org.junit.runners.BlockJUnit4ClassRunner.runChild(BlockJUnit4ClassRunner.java:57)
	at org.junit.runners.ParentRunner$3.run(ParentRunner.java:290)
	at org.junit.runners.ParentRunner$1.schedule(ParentRunner.java:71)
	at org.junit.runners.ParentRunner.runChildren(ParentRunner.java:288)
	at org.junit.runners.ParentRunner.access$000(ParentRunner.java:58)
	at org.junit.runners.ParentRunner$2.evaluate(ParentRunner.java:268)
	at org.junit.runners.ParentRunner.run(ParentRunner.java:363)
	at org.apache.maven.surefire.junit4.JUnit4Provider.execute(JUnit4Provider.java:252)
	at org.apache.maven.surefire.junit4.JUnit4Provider.executeTestSet(JUnit4Provider.java:141)
	at org.apache.maven.surefire.junit4.JUnit4Provider.invoke(JUnit4Provider.java:112)
	at sun.reflect.NativeMethodAccessorImpl.invoke0(Native Method)
	at sun.reflect.NativeMethodAccessorImpl.invoke(NativeMethodAccessorImpl.java:62)
	at sun.reflect.DelegatingMethodAccessorImpl.invoke(DelegatingMethodAccessorImpl.java:43)
	at java.lang.reflect.Method.invoke(Method.java:498)
	at org.apache.maven.surefire.util.ReflectionUtils.invokeMethodWithArray(ReflectionUtils.java:189)
	at org.apache.maven.surefire.booter.ProviderFactory$ProviderProxy.invoke(ProviderFactory.java:165)
	at org.apache.maven.surefire.booter.ProviderFactory.invokeProvider(ProviderFactory.java:85)
	at org.apache.maven.surefire.booter.ForkedBooter.runSuitesInProcess(ForkedBooter.java:115)
	at org.apache.maven.surefire.booter.ForkedBooter.main(ForkedBooter.java:75)
</error>
    <system-out>23:37:20.990 [main] DEBUG org.springframework.beans.factory.config.YamlMapFactoryBean - Loading from YAML: class path resource [application.yml]
23:37:20.993 [main] DEBUG org.springframework.beans.factory.config.YamlMapFactoryBean - Merging document (no matchers set): {spring={main={web-environment=false}, jmx={enabled=false}}, ibmmq={host=ibmmq, port=1414, username=mq, password=mq, queueManager=LOCAL.DOCKER.QMGR, channel=PASSWORD.SVRCONN}}
23:37:20.993 [main] DEBUG org.springframework.beans.factory.config.YamlMapFactoryBean - Loaded 1 document from YAML resource: class path resource [application.yml]
23:37:20.994 [main] DEBUG org.springframework.beans.factory.config.YamlMapFactoryBean - Loading from YAML: class path resource [application.yml]
23:37:20.996 [main] DEBUG org.springframework.beans.factory.config.YamlMapFactoryBean - Merging document (no matchers set): {spring={main={web-environment=false}, jmx={enabled=false}}, ibmmq={host=ibmmq, port=1414, username=mq, password=mq, queueManager=LOCAL.DOCKER.QMGR, channel=PASSWORD.SVRCONN}}
23:37:20.996 [main] DEBUG org.springframework.beans.factory.config.YamlMapFactoryBean - Loaded 1 document from YAML resource: class path resource [application.yml]
23:37:20.998 [main] DEBUG org.springframework.beans.factory.config.YamlMapFactoryBean - Loading from YAML: class path resource [application.yml]
23:37:21.000 [main] DEBUG org.springframework.beans.factory.config.YamlMapFactoryBean - Merging document (no matchers set): {spring={main={web-environment=false}, jmx={enabled=false}}, ibmmq={host=ibmmq, port=1414, username=mq, password=mq, queueManager=LOCAL.DOCKER.QMGR, channel=PASSWORD.SVRCONN}}
23:37:21.000 [main] DEBUG org.springframework.beans.factory.config.YamlMapFactoryBean - Loaded 1 document from YAML resource: class path resource [application.yml]
</system-out>
  </testcase>
  <testcase classname="org.springframework.cloud.stream.binder.jms.ibmmq.integration.EndToEndIntegrationTests" name="scs_whenConsumerFails_retriesTheSpecifiedAmountOfTimes" time="0.001">
    <error message="Could not create MQ Queue Manager object for &apos;LOCAL.DOCKER.QMGR&apos;" type="java.lang.RuntimeException">java.lang.RuntimeException: Could not create MQ Queue Manager object for &apos;LOCAL.DOCKER.QMGR&apos;
	at org.springframework.cloud.stream.binder.jms.ibmmq.IBMMQRequests.&lt;init&gt;(IBMMQRequests.java:52)
	at org.springframework.cloud.stream.binder.jms.ibmmq.IBMMQProvisioningProvider.&lt;init&gt;(IBMMQProvisioningProvider.java:47)
	at org.springframework.cloud.stream.binder.jms.ibmmq.integration.EndToEndIntegrationTests.&lt;init&gt;(EndToEndIntegrationTests.java:28)
	at sun.reflect.NativeConstructorAccessorImpl.newInstance0(Native Method)
	at sun.reflect.NativeConstructorAccessorImpl.newInstance(NativeConstructorAccessorImpl.java:62)
	at sun.reflect.DelegatingConstructorAccessorImpl.newInstance(DelegatingConstructorAccessorImpl.java:45)
	at java.lang.reflect.Constructor.newInstance(Constructor.java:423)
	at org.junit.runners.BlockJUnit4ClassRunner.createTest(BlockJUnit4ClassRunner.java:217)
	at org.junit.runners.BlockJUnit4ClassRunner$1.runReflectiveCall(BlockJUnit4ClassRunner.java:266)
	at org.junit.internal.runners.model.ReflectiveCallable.run(ReflectiveCallable.java:12)
	at org.junit.runners.BlockJUnit4ClassRunner.methodBlock(BlockJUnit4ClassRunner.java:263)
	at org.junit.runners.BlockJUnit4ClassRunner.runChild(BlockJUnit4ClassRunner.java:78)
	at org.junit.runners.BlockJUnit4ClassRunner.runChild(BlockJUnit4ClassRunner.java:57)
	at org.junit.runners.ParentRunner$3.run(ParentRunner.java:290)
	at org.junit.runners.ParentRunner$1.schedule(ParentRunner.java:71)
	at org.junit.runners.ParentRunner.runChildren(ParentRunner.java:288)
	at org.junit.runners.ParentRunner.access$000(ParentRunner.java:58)
	at org.junit.runners.ParentRunner$2.evaluate(ParentRunner.java:268)
	at org.junit.runners.ParentRunner.run(ParentRunner.java:363)
	at org.apache.maven.surefire.junit4.JUnit4Provider.execute(JUnit4Provider.java:252)
	at org.apache.maven.surefire.junit4.JUnit4Provider.executeTestSet(JUnit4Provider.java:141)
	at org.apache.maven.surefire.junit4.JUnit4Provider.invoke(JUnit4Provider.java:112)
	at sun.reflect.NativeMethodAccessorImpl.invoke0(Native Method)
	at sun.reflect.NativeMethodAccessorImpl.invoke(NativeMethodAccessorImpl.java:62)
	at sun.reflect.DelegatingMethodAccessorImpl.invoke(DelegatingMethodAccessorImpl.java:43)
	at java.lang.reflect.Method.invoke(Method.java:498)
	at org.apache.maven.surefire.util.ReflectionUtils.invokeMethodWithArray(ReflectionUtils.java:189)
	at org.apache.maven.surefire.booter.ProviderFactory$ProviderProxy.invoke(ProviderFactory.java:165)
	at org.apache.maven.surefire.booter.ProviderFactory.invokeProvider(ProviderFactory.java:85)
	at org.apache.maven.surefire.booter.ForkedBooter.runSuitesInProcess(ForkedBooter.java:115)
	at org.apache.maven.surefire.booter.ForkedBooter.main(ForkedBooter.java:75)
</error>
    <system-out>23:37:21.016 [main] DEBUG org.springframework.beans.factory.config.YamlMapFactoryBean - Loading from YAML: class path resource [application.yml]
23:37:21.018 [main] DEBUG org.springframework.beans.factory.config.YamlMapFactoryBean - Merging document (no matchers set): {spring={main={web-environment=false}, jmx={enabled=false}}, ibmmq={host=ibmmq, port=1414, username=mq, password=mq, queueManager=LOCAL.DOCKER.QMGR, channel=PASSWORD.SVRCONN}}
23:37:21.026 [main] DEBUG org.springframework.beans.factory.config.YamlMapFactoryBean - Loaded 1 document from YAML resource: class path resource [application.yml]
23:37:21.033 [main] DEBUG org.springframework.beans.factory.config.YamlMapFactoryBean - Loading from YAML: class path resource [application.yml]
23:37:21.037 [main] DEBUG org.springframework.beans.factory.config.YamlMapFactoryBean - Merging document (no matchers set): {spring={main={web-environment=false}, jmx={enabled=false}}, ibmmq={host=ibmmq, port=1414, username=mq, password=mq, queueManager=LOCAL.DOCKER.QMGR, channel=PASSWORD.SVRCONN}}
23:37:21.038 [main] DEBUG org.springframework.beans.factory.config.YamlMapFactoryBean - Loaded 1 document from YAML resource: class path resource [application.yml]
23:37:21.039 [main] DEBUG org.springframework.beans.factory.config.YamlMapFactoryBean - Loading from YAML: class path resource [application.yml]
23:37:21.042 [main] DEBUG org.springframework.beans.factory.config.YamlMapFactoryBean - Merging document (no matchers set): {spring={main={web-environment=false}, jmx={enabled=false}}, ibmmq={host=ibmmq, port=1414, username=mq, password=mq, queueManager=LOCAL.DOCKER.QMGR, channel=PASSWORD.SVRCONN}}
23:37:21.045 [main] DEBUG org.springframework.beans.factory.config.YamlMapFactoryBean - Loaded 1 document from YAML resource: class path resource [application.yml]
</system-out>
  </testcase>
  <testcase classname="org.springframework.cloud.stream.binder.jms.ibmmq.integration.EndToEndIntegrationTests" name="scs_supportsSerializable" time="0.001">
    <error message="Could not create MQ Queue Manager object for &apos;LOCAL.DOCKER.QMGR&apos;" type="java.lang.RuntimeException">java.lang.RuntimeException: Could not create MQ Queue Manager object for &apos;LOCAL.DOCKER.QMGR&apos;
	at org.springframework.cloud.stream.binder.jms.ibmmq.IBMMQRequests.&lt;init&gt;(IBMMQRequests.java:52)
	at org.springframework.cloud.stream.binder.jms.ibmmq.IBMMQProvisioningProvider.&lt;init&gt;(IBMMQProvisioningProvider.java:47)
	at org.springframework.cloud.stream.binder.jms.ibmmq.integration.EndToEndIntegrationTests.&lt;init&gt;(EndToEndIntegrationTests.java:28)
	at sun.reflect.NativeConstructorAccessorImpl.newInstance0(Native Method)
	at sun.reflect.NativeConstructorAccessorImpl.newInstance(NativeConstructorAccessorImpl.java:62)
	at sun.reflect.DelegatingConstructorAccessorImpl.newInstance(DelegatingConstructorAccessorImpl.java:45)
	at java.lang.reflect.Constructor.newInstance(Constructor.java:423)
	at org.junit.runners.BlockJUnit4ClassRunner.createTest(BlockJUnit4ClassRunner.java:217)
	at org.junit.runners.BlockJUnit4ClassRunner$1.runReflectiveCall(BlockJUnit4ClassRunner.java:266)
	at org.junit.internal.runners.model.ReflectiveCallable.run(ReflectiveCallable.java:12)
	at org.junit.runners.BlockJUnit4ClassRunner.methodBlock(BlockJUnit4ClassRunner.java:263)
	at org.junit.runners.BlockJUnit4ClassRunner.runChild(BlockJUnit4ClassRunner.java:78)
	at org.junit.runners.BlockJUnit4ClassRunner.runChild(BlockJUnit4ClassRunner.java:57)
	at org.junit.runners.ParentRunner$3.run(ParentRunner.java:290)
	at org.junit.runners.ParentRunner$1.schedule(ParentRunner.java:71)
	at org.junit.runners.ParentRunner.runChildren(ParentRunner.java:288)
	at org.junit.runners.ParentRunner.access$000(ParentRunner.java:58)
	at org.junit.runners.ParentRunner$2.evaluate(ParentRunner.java:268)
	at org.junit.runners.ParentRunner.run(ParentRunner.java:363)
	at org.apache.maven.surefire.junit4.JUnit4Provider.execute(JUnit4Provider.java:252)
	at org.apache.maven.surefire.junit4.JUnit4Provider.executeTestSet(JUnit4Provider.java:141)
	at org.apache.maven.surefire.junit4.JUnit4Provider.invoke(JUnit4Provider.java:112)
	at sun.reflect.NativeMethodAccessorImpl.invoke0(Native Method)
	at sun.reflect.NativeMethodAccessorImpl.invoke(NativeMethodAccessorImpl.java:62)
	at sun.reflect.DelegatingMethodAccessorImpl.invoke(DelegatingMethodAccessorImpl.java:43)
	at java.lang.reflect.Method.invoke(Method.java:498)
	at org.apache.maven.surefire.util.ReflectionUtils.invokeMethodWithArray(ReflectionUtils.java:189)
	at org.apache.maven.surefire.booter.ProviderFactory$ProviderProxy.invoke(ProviderFactory.java:165)
	at org.apache.maven.surefire.booter.ProviderFactory.invokeProvider(ProviderFactory.java:85)
	at org.apache.maven.surefire.booter.ForkedBooter.runSuitesInProcess(ForkedBooter.java:115)
	at org.apache.maven.surefire.booter.ForkedBooter.main(ForkedBooter.java:75)
</error>
    <system-out>23:37:21.050 [main] DEBUG org.springframework.beans.factory.config.YamlMapFactoryBean - Loading from YAML: class path resource [application.yml]
23:37:21.051 [main] DEBUG org.springframework.beans.factory.config.YamlMapFactoryBean - Merging document (no matchers set): {spring={main={web-environment=false}, jmx={enabled=false}}, ibmmq={host=ibmmq, port=1414, username=mq, password=mq, queueManager=LOCAL.DOCKER.QMGR, channel=PASSWORD.SVRCONN}}
23:37:21.052 [main] DEBUG org.springframework.beans.factory.config.YamlMapFactoryBean - Loaded 1 document from YAML resource: class path resource [application.yml]
23:37:21.053 [main] DEBUG org.springframework.beans.factory.config.YamlMapFactoryBean - Loading from YAML: class path resource [application.yml]
23:37:21.054 [main] DEBUG org.springframework.beans.factory.config.YamlMapFactoryBean - Merging document (no matchers set): {spring={main={web-environment=false}, jmx={enabled=false}}, ibmmq={host=ibmmq, port=1414, username=mq, password=mq, queueManager=LOCAL.DOCKER.QMGR, channel=PASSWORD.SVRCONN}}
23:37:21.054 [main] DEBUG org.springframework.beans.factory.config.YamlMapFactoryBean - Loaded 1 document from YAML resource: class path resource [application.yml]
23:37:21.055 [main] DEBUG org.springframework.beans.factory.config.YamlMapFactoryBean - Loading from YAML: class path resource [application.yml]
23:37:21.062 [main] DEBUG org.springframework.beans.factory.config.YamlMapFactoryBean - Merging document (no matchers set): {spring={main={web-environment=false}, jmx={enabled=false}}, ibmmq={host=ibmmq, port=1414, username=mq, password=mq, queueManager=LOCAL.DOCKER.QMGR, channel=PASSWORD.SVRCONN}}
23:37:21.063 [main] DEBUG org.springframework.beans.factory.config.YamlMapFactoryBean - Loaded 1 document from YAML resource: class path resource [application.yml]
</system-out>
  </testcase>
  <testcase classname="org.springframework.cloud.stream.binder.jms.ibmmq.integration.EndToEndIntegrationTests" name="scs_whenMultipleConsumerGroups_eachGroupGetsAllMessages" time="0.002">
    <error message="Could not create MQ Queue Manager object for &apos;LOCAL.DOCKER.QMGR&apos;" type="java.lang.RuntimeException">java.lang.RuntimeException: Could not create MQ Queue Manager object for &apos;LOCAL.DOCKER.QMGR&apos;
	at org.springframework.cloud.stream.binder.jms.ibmmq.IBMMQRequests.&lt;init&gt;(IBMMQRequests.java:52)
	at org.springframework.cloud.stream.binder.jms.ibmmq.IBMMQProvisioningProvider.&lt;init&gt;(IBMMQProvisioningProvider.java:47)
	at org.springframework.cloud.stream.binder.jms.ibmmq.integration.EndToEndIntegrationTests.&lt;init&gt;(EndToEndIntegrationTests.java:28)
	at sun.reflect.NativeConstructorAccessorImpl.newInstance0(Native Method)
	at sun.reflect.NativeConstructorAccessorImpl.newInstance(NativeConstructorAccessorImpl.java:62)
	at sun.reflect.DelegatingConstructorAccessorImpl.newInstance(DelegatingConstructorAccessorImpl.java:45)
	at java.lang.reflect.Constructor.newInstance(Constructor.java:423)
	at org.junit.runners.BlockJUnit4ClassRunner.createTest(BlockJUnit4ClassRunner.java:217)
	at org.junit.runners.BlockJUnit4ClassRunner$1.runReflectiveCall(BlockJUnit4ClassRunner.java:266)
	at org.junit.internal.runners.model.ReflectiveCallable.run(ReflectiveCallable.java:12)
	at org.junit.runners.BlockJUnit4ClassRunner.methodBlock(BlockJUnit4ClassRunner.java:263)
	at org.junit.runners.BlockJUnit4ClassRunner.runChild(BlockJUnit4ClassRunner.java:78)
	at org.junit.runners.BlockJUnit4ClassRunner.runChild(BlockJUnit4ClassRunner.java:57)
	at org.junit.runners.ParentRunner$3.run(ParentRunner.java:290)
	at org.junit.runners.ParentRunner$1.schedule(ParentRunner.java:71)
	at org.junit.runners.ParentRunner.runChildren(ParentRunner.java:288)
	at org.junit.runners.ParentRunner.access$000(ParentRunner.java:58)
	at org.junit.runners.ParentRunner$2.evaluate(ParentRunner.java:268)
	at org.junit.runners.ParentRunner.run(ParentRunner.java:363)
	at org.apache.maven.surefire.junit4.JUnit4Provider.execute(JUnit4Provider.java:252)
	at org.apache.maven.surefire.junit4.JUnit4Provider.executeTestSet(JUnit4Provider.java:141)
	at org.apache.maven.surefire.junit4.JUnit4Provider.invoke(JUnit4Provider.java:112)
	at sun.reflect.NativeMethodAccessorImpl.invoke0(Native Method)
	at sun.reflect.NativeMethodAccessorImpl.invoke(NativeMethodAccessorImpl.java:62)
	at sun.reflect.DelegatingMethodAccessorImpl.invoke(DelegatingMethodAccessorImpl.java:43)
	at java.lang.reflect.Method.invoke(Method.java:498)
	at org.apache.maven.surefire.util.ReflectionUtils.invokeMethodWithArray(ReflectionUtils.java:189)
	at org.apache.maven.surefire.booter.ProviderFactory$ProviderProxy.invoke(ProviderFactory.java:165)
	at org.apache.maven.surefire.booter.ProviderFactory.invokeProvider(ProviderFactory.java:85)
	at org.apache.maven.surefire.booter.ForkedBooter.runSuitesInProcess(ForkedBooter.java:115)
	at org.apache.maven.surefire.booter.ForkedBooter.main(ForkedBooter.java:75)
</error>
    <system-out>23:37:21.075 [main] DEBUG org.springframework.beans.factory.config.YamlMapFactoryBean - Loading from YAML: class path resource [application.yml]
23:37:21.076 [main] DEBUG org.springframework.beans.factory.config.YamlMapFactoryBean - Merging document (no matchers set): {spring={main={web-environment=false}, jmx={enabled=false}}, ibmmq={host=ibmmq, port=1414, username=mq, password=mq, queueManager=LOCAL.DOCKER.QMGR, channel=PASSWORD.SVRCONN}}
23:37:21.077 [main] DEBUG org.springframework.beans.factory.config.YamlMapFactoryBean - Loaded 1 document from YAML resource: class path resource [application.yml]
23:37:21.077 [main] DEBUG org.springframework.beans.factory.config.YamlMapFactoryBean - Loading from YAML: class path resource [application.yml]
23:37:21.079 [main] DEBUG org.springframework.beans.factory.config.YamlMapFactoryBean - Merging document (no matchers set): {spring={main={web-environment=false}, jmx={enabled=false}}, ibmmq={host=ibmmq, port=1414, username=mq, password=mq, queueManager=LOCAL.DOCKER.QMGR, channel=PASSWORD.SVRCONN}}
23:37:21.079 [main] DEBUG org.springframework.beans.factory.config.YamlMapFactoryBean - Loaded 1 document from YAML resource: class path resource [application.yml]
23:37:21.081 [main] DEBUG org.springframework.beans.factory.config.YamlMapFactoryBean - Loading from YAML: class path resource [application.yml]
23:37:21.082 [main] DEBUG org.springframework.beans.factory.config.YamlMapFactoryBean - Merging document (no matchers set): {spring={main={web-environment=false}, jmx={enabled=false}}, ibmmq={host=ibmmq, port=1414, username=mq, password=mq, queueManager=LOCAL.DOCKER.QMGR, channel=PASSWORD.SVRCONN}}
23:37:21.082 [main] DEBUG org.springframework.beans.factory.config.YamlMapFactoryBean - Loaded 1 document from YAML resource: class path resource [application.yml]
</system-out>
  </testcase>
  <testcase classname="org.springframework.cloud.stream.binder.jms.ibmmq.integration.EndToEndIntegrationTests" name="scs_whenHeadersContainingIllegalCharactersAreSpecified_headersAreRewrittenAndPassedThrough" time="0.001">
    <error message="Could not create MQ Queue Manager object for &apos;LOCAL.DOCKER.QMGR&apos;" type="java.lang.RuntimeException">java.lang.RuntimeException: Could not create MQ Queue Manager object for &apos;LOCAL.DOCKER.QMGR&apos;
	at org.springframework.cloud.stream.binder.jms.ibmmq.IBMMQRequests.&lt;init&gt;(IBMMQRequests.java:52)
	at org.springframework.cloud.stream.binder.jms.ibmmq.IBMMQProvisioningProvider.&lt;init&gt;(IBMMQProvisioningProvider.java:47)
	at org.springframework.cloud.stream.binder.jms.ibmmq.integration.EndToEndIntegrationTests.&lt;init&gt;(EndToEndIntegrationTests.java:28)
	at sun.reflect.NativeConstructorAccessorImpl.newInstance0(Native Method)
	at sun.reflect.NativeConstructorAccessorImpl.newInstance(NativeConstructorAccessorImpl.java:62)
	at sun.reflect.DelegatingConstructorAccessorImpl.newInstance(DelegatingConstructorAccessorImpl.java:45)
	at java.lang.reflect.Constructor.newInstance(Constructor.java:423)
	at org.junit.runners.BlockJUnit4ClassRunner.createTest(BlockJUnit4ClassRunner.java:217)
	at org.junit.runners.BlockJUnit4ClassRunner$1.runReflectiveCall(BlockJUnit4ClassRunner.java:266)
	at org.junit.internal.runners.model.ReflectiveCallable.run(ReflectiveCallable.java:12)
	at org.junit.runners.BlockJUnit4ClassRunner.methodBlock(BlockJUnit4ClassRunner.java:263)
	at org.junit.runners.BlockJUnit4ClassRunner.runChild(BlockJUnit4ClassRunner.java:78)
	at org.junit.runners.BlockJUnit4ClassRunner.runChild(BlockJUnit4ClassRunner.java:57)
	at org.junit.runners.ParentRunner$3.run(ParentRunner.java:290)
	at org.junit.runners.ParentRunner$1.schedule(ParentRunner.java:71)
	at org.junit.runners.ParentRunner.runChildren(ParentRunner.java:288)
	at org.junit.runners.ParentRunner.access$000(ParentRunner.java:58)
	at org.junit.runners.ParentRunner$2.evaluate(ParentRunner.java:268)
	at org.junit.runners.ParentRunner.run(ParentRunner.java:363)
	at org.apache.maven.surefire.junit4.JUnit4Provider.execute(JUnit4Provider.java:252)
	at org.apache.maven.surefire.junit4.JUnit4Provider.executeTestSet(JUnit4Provider.java:141)
	at org.apache.maven.surefire.junit4.JUnit4Provider.invoke(JUnit4Provider.java:112)
	at sun.reflect.NativeMethodAccessorImpl.invoke0(Native Method)
	at sun.reflect.NativeMethodAccessorImpl.invoke(NativeMethodAccessorImpl.java:62)
	at sun.reflect.DelegatingMethodAccessorImpl.invoke(DelegatingMethodAccessorImpl.java:43)
	at java.lang.reflect.Method.invoke(Method.java:498)
	at org.apache.maven.surefire.util.ReflectionUtils.invokeMethodWithArray(ReflectionUtils.java:189)
	at org.apache.maven.surefire.booter.ProviderFactory$ProviderProxy.invoke(ProviderFactory.java:165)
	at org.apache.maven.surefire.booter.ProviderFactory.invokeProvider(ProviderFactory.java:85)
	at org.apache.maven.surefire.booter.ForkedBooter.runSuitesInProcess(ForkedBooter.java:115)
	at org.apache.maven.surefire.booter.ForkedBooter.main(ForkedBooter.java:75)
</error>
    <system-out>23:37:21.090 [main] DEBUG org.springframework.beans.factory.config.YamlMapFactoryBean - Loading from YAML: class path resource [application.yml]
23:37:21.093 [main] DEBUG org.springframework.beans.factory.config.YamlMapFactoryBean - Merging document (no matchers set): {spring={main={web-environment=false}, jmx={enabled=false}}, ibmmq={host=ibmmq, port=1414, username=mq, password=mq, queueManager=LOCAL.DOCKER.QMGR, channel=PASSWORD.SVRCONN}}
23:37:21.094 [main] DEBUG org.springframework.beans.factory.config.YamlMapFactoryBean - Loaded 1 document from YAML resource: class path resource [application.yml]
23:37:21.095 [main] DEBUG org.springframework.beans.factory.config.YamlMapFactoryBean - Loading from YAML: class path resource [application.yml]
23:37:21.096 [main] DEBUG org.springframework.beans.factory.config.YamlMapFactoryBean - Merging document (no matchers set): {spring={main={web-environment=false}, jmx={enabled=false}}, ibmmq={host=ibmmq, port=1414, username=mq, password=mq, queueManager=LOCAL.DOCKER.QMGR, channel=PASSWORD.SVRCONN}}
23:37:21.096 [main] DEBUG org.springframework.beans.factory.config.YamlMapFactoryBean - Loaded 1 document from YAML resource: class path resource [application.yml]
23:37:21.097 [main] DEBUG org.springframework.beans.factory.config.YamlMapFactoryBean - Loading from YAML: class path resource [application.yml]
23:37:21.098 [main] DEBUG org.springframework.beans.factory.config.YamlMapFactoryBean - Merging document (no matchers set): {spring={main={web-environment=false}, jmx={enabled=false}}, ibmmq={host=ibmmq, port=1414, username=mq, password=mq, queueManager=LOCAL.DOCKER.QMGR, channel=PASSWORD.SVRCONN}}
23:37:21.099 [main] DEBUG org.springframework.beans.factory.config.YamlMapFactoryBean - Loaded 1 document from YAML resource: class path resource [application.yml]
</system-out>
  </testcase>
  <testcase classname="org.springframework.cloud.stream.binder.jms.ibmmq.integration.EndToEndIntegrationTests" name="scs_maxAttempts1_preventsRetry" time="0.001">
    <error message="Could not create MQ Queue Manager object for &apos;LOCAL.DOCKER.QMGR&apos;" type="java.lang.RuntimeException">java.lang.RuntimeException: Could not create MQ Queue Manager object for &apos;LOCAL.DOCKER.QMGR&apos;
	at org.springframework.cloud.stream.binder.jms.ibmmq.IBMMQRequests.&lt;init&gt;(IBMMQRequests.java:52)
	at org.springframework.cloud.stream.binder.jms.ibmmq.IBMMQProvisioningProvider.&lt;init&gt;(IBMMQProvisioningProvider.java:47)
	at org.springframework.cloud.stream.binder.jms.ibmmq.integration.EndToEndIntegrationTests.&lt;init&gt;(EndToEndIntegrationTests.java:28)
	at sun.reflect.NativeConstructorAccessorImpl.newInstance0(Native Method)
	at sun.reflect.NativeConstructorAccessorImpl.newInstance(NativeConstructorAccessorImpl.java:62)
	at sun.reflect.DelegatingConstructorAccessorImpl.newInstance(DelegatingConstructorAccessorImpl.java:45)
	at java.lang.reflect.Constructor.newInstance(Constructor.java:423)
	at org.junit.runners.BlockJUnit4ClassRunner.createTest(BlockJUnit4ClassRunner.java:217)
	at org.junit.runners.BlockJUnit4ClassRunner$1.runReflectiveCall(BlockJUnit4ClassRunner.java:266)
	at org.junit.internal.runners.model.ReflectiveCallable.run(ReflectiveCallable.java:12)
	at org.junit.runners.BlockJUnit4ClassRunner.methodBlock(BlockJUnit4ClassRunner.java:263)
	at org.junit.runners.BlockJUnit4ClassRunner.runChild(BlockJUnit4ClassRunner.java:78)
	at org.junit.runners.BlockJUnit4ClassRunner.runChild(BlockJUnit4ClassRunner.java:57)
	at org.junit.runners.ParentRunner$3.run(ParentRunner.java:290)
	at org.junit.runners.ParentRunner$1.schedule(ParentRunner.java:71)
	at org.junit.runners.ParentRunner.runChildren(ParentRunner.java:288)
	at org.junit.runners.ParentRunner.access$000(ParentRunner.java:58)
	at org.junit.runners.ParentRunner$2.evaluate(ParentRunner.java:268)
	at org.junit.runners.ParentRunner.run(ParentRunner.java:363)
	at org.apache.maven.surefire.junit4.JUnit4Provider.execute(JUnit4Provider.java:252)
	at org.apache.maven.surefire.junit4.JUnit4Provider.executeTestSet(JUnit4Provider.java:141)
	at org.apache.maven.surefire.junit4.JUnit4Provider.invoke(JUnit4Provider.java:112)
	at sun.reflect.NativeMethodAccessorImpl.invoke0(Native Method)
	at sun.reflect.NativeMethodAccessorImpl.invoke(NativeMethodAccessorImpl.java:62)
	at sun.reflect.DelegatingMethodAccessorImpl.invoke(DelegatingMethodAccessorImpl.java:43)
	at java.lang.reflect.Method.invoke(Method.java:498)
	at org.apache.maven.surefire.util.ReflectionUtils.invokeMethodWithArray(ReflectionUtils.java:189)
	at org.apache.maven.surefire.booter.ProviderFactory$ProviderProxy.invoke(ProviderFactory.java:165)
	at org.apache.maven.surefire.booter.ProviderFactory.invokeProvider(ProviderFactory.java:85)
	at org.apache.maven.surefire.booter.ForkedBooter.runSuitesInProcess(ForkedBooter.java:115)
	at org.apache.maven.surefire.booter.ForkedBooter.main(ForkedBooter.java:75)
</error>
    <system-out>23:37:21.102 [main] DEBUG org.springframework.beans.factory.config.YamlMapFactoryBean - Loading from YAML: class path resource [application.yml]
23:37:21.104 [main] DEBUG org.springframework.beans.factory.config.YamlMapFactoryBean - Merging document (no matchers set): {spring={main={web-environment=false}, jmx={enabled=false}}, ibmmq={host=ibmmq, port=1414, username=mq, password=mq, queueManager=LOCAL.DOCKER.QMGR, channel=PASSWORD.SVRCONN}}
23:37:21.104 [main] DEBUG org.springframework.beans.factory.config.YamlMapFactoryBean - Loaded 1 document from YAML resource: class path resource [application.yml]
23:37:21.105 [main] DEBUG org.springframework.beans.factory.config.YamlMapFactoryBean - Loading from YAML: class path resource [application.yml]
23:37:21.107 [main] DEBUG org.springframework.beans.factory.config.YamlMapFactoryBean - Merging document (no matchers set): {spring={main={web-environment=false}, jmx={enabled=false}}, ibmmq={host=ibmmq, port=1414, username=mq, password=mq, queueManager=LOCAL.DOCKER.QMGR, channel=PASSWORD.SVRCONN}}
23:37:21.107 [main] DEBUG org.springframework.beans.factory.config.YamlMapFactoryBean - Loaded 1 document from YAML resource: class path resource [application.yml]
23:37:21.108 [main] DEBUG org.springframework.beans.factory.config.YamlMapFactoryBean - Loading from YAML: class path resource [application.yml]
23:37:21.110 [main] DEBUG org.springframework.beans.factory.config.YamlMapFactoryBean - Merging document (no matchers set): {spring={main={web-environment=false}, jmx={enabled=false}}, ibmmq={host=ibmmq, port=1414, username=mq, password=mq, queueManager=LOCAL.DOCKER.QMGR, channel=PASSWORD.SVRCONN}}
23:37:21.111 [main] DEBUG org.springframework.beans.factory.config.YamlMapFactoryBean - Loaded 1 document from YAML resource: class path resource [application.yml]
</system-out>
  </testcase>
  <testcase classname="org.springframework.cloud.stream.binder.jms.ibmmq.integration.EndToEndIntegrationTests" name="scs_supportsPrimitive" time="0.002">
    <error message="Could not create MQ Queue Manager object for &apos;LOCAL.DOCKER.QMGR&apos;" type="java.lang.RuntimeException">java.lang.RuntimeException: Could not create MQ Queue Manager object for &apos;LOCAL.DOCKER.QMGR&apos;
	at org.springframework.cloud.stream.binder.jms.ibmmq.IBMMQRequests.&lt;init&gt;(IBMMQRequests.java:52)
	at org.springframework.cloud.stream.binder.jms.ibmmq.IBMMQProvisioningProvider.&lt;init&gt;(IBMMQProvisioningProvider.java:47)
	at org.springframework.cloud.stream.binder.jms.ibmmq.integration.EndToEndIntegrationTests.&lt;init&gt;(EndToEndIntegrationTests.java:28)
	at sun.reflect.NativeConstructorAccessorImpl.newInstance0(Native Method)
	at sun.reflect.NativeConstructorAccessorImpl.newInstance(NativeConstructorAccessorImpl.java:62)
	at sun.reflect.DelegatingConstructorAccessorImpl.newInstance(DelegatingConstructorAccessorImpl.java:45)
	at java.lang.reflect.Constructor.newInstance(Constructor.java:423)
	at org.junit.runners.BlockJUnit4ClassRunner.createTest(BlockJUnit4ClassRunner.java:217)
	at org.junit.runners.BlockJUnit4ClassRunner$1.runReflectiveCall(BlockJUnit4ClassRunner.java:266)
	at org.junit.internal.runners.model.ReflectiveCallable.run(ReflectiveCallable.java:12)
	at org.junit.runners.BlockJUnit4ClassRunner.methodBlock(BlockJUnit4ClassRunner.java:263)
	at org.junit.runners.BlockJUnit4ClassRunner.runChild(BlockJUnit4ClassRunner.java:78)
	at org.junit.runners.BlockJUnit4ClassRunner.runChild(BlockJUnit4ClassRunner.java:57)
	at org.junit.runners.ParentRunner$3.run(ParentRunner.java:290)
	at org.junit.runners.ParentRunner$1.schedule(ParentRunner.java:71)
	at org.junit.runners.ParentRunner.runChildren(ParentRunner.java:288)
	at org.junit.runners.ParentRunner.access$000(ParentRunner.java:58)
	at org.junit.runners.ParentRunner$2.evaluate(ParentRunner.java:268)
	at org.junit.runners.ParentRunner.run(ParentRunner.java:363)
	at org.apache.maven.surefire.junit4.JUnit4Provider.execute(JUnit4Provider.java:252)
	at org.apache.maven.surefire.junit4.JUnit4Provider.executeTestSet(JUnit4Provider.java:141)
	at org.apache.maven.surefire.junit4.JUnit4Provider.invoke(JUnit4Provider.java:112)
	at sun.reflect.NativeMethodAccessorImpl.invoke0(Native Method)
	at sun.reflect.NativeMethodAccessorImpl.invoke(NativeMethodAccessorImpl.java:62)
	at sun.reflect.DelegatingMethodAccessorImpl.invoke(DelegatingMethodAccessorImpl.java:43)
	at java.lang.reflect.Method.invoke(Method.java:498)
	at org.apache.maven.surefire.util.ReflectionUtils.invokeMethodWithArray(ReflectionUtils.java:189)
	at org.apache.maven.surefire.booter.ProviderFactory$ProviderProxy.invoke(ProviderFactory.java:165)
	at org.apache.maven.surefire.booter.ProviderFactory.invokeProvider(ProviderFactory.java:85)
	at org.apache.maven.surefire.booter.ForkedBooter.runSuitesInProcess(ForkedBooter.java:115)
	at org.apache.maven.surefire.booter.ForkedBooter.main(ForkedBooter.java:75)
</error>
    <system-out>23:37:21.135 [main] DEBUG org.springframework.beans.factory.config.YamlMapFactoryBean - Loading from YAML: class path resource [application.yml]
23:37:21.152 [main] DEBUG org.springframework.beans.factory.config.YamlMapFactoryBean - Merging document (no matchers set): {spring={main={web-environment=false}, jmx={enabled=false}}, ibmmq={host=ibmmq, port=1414, username=mq, password=mq, queueManager=LOCAL.DOCKER.QMGR, channel=PASSWORD.SVRCONN}}
23:37:21.153 [main] DEBUG org.springframework.beans.factory.config.YamlMapFactoryBean - Loaded 1 document from YAML resource: class path resource [application.yml]
23:37:21.153 [main] DEBUG org.springframework.beans.factory.config.YamlMapFactoryBean - Loading from YAML: class path resource [application.yml]
23:37:21.158 [main] DEBUG org.springframework.beans.factory.config.YamlMapFactoryBean - Merging document (no matchers set): {spring={main={web-environment=false}, jmx={enabled=false}}, ibmmq={host=ibmmq, port=1414, username=mq, password=mq, queueManager=LOCAL.DOCKER.QMGR, channel=PASSWORD.SVRCONN}}
23:37:21.159 [main] DEBUG org.springframework.beans.factory.config.YamlMapFactoryBean - Loaded 1 document from YAML resource: class path resource [application.yml]
23:37:21.159 [main] DEBUG org.springframework.beans.factory.config.YamlMapFactoryBean - Loading from YAML: class path resource [application.yml]
23:37:21.160 [main] DEBUG org.springframework.beans.factory.config.YamlMapFactoryBean - Merging document (no matchers set): {spring={main={web-environment=false}, jmx={enabled=false}}, ibmmq={host=ibmmq, port=1414, username=mq, password=mq, queueManager=LOCAL.DOCKER.QMGR, channel=PASSWORD.SVRCONN}}
23:37:21.161 [main] DEBUG org.springframework.beans.factory.config.YamlMapFactoryBean - Loaded 1 document from YAML resource: class path resource [application.yml]
</system-out>
  </testcase>
  <testcase classname="org.springframework.cloud.stream.binder.jms.ibmmq.integration.EndToEndIntegrationTests" name="scs_whenAPartitioningKeyIsConfigured_messagesAreRoutedToTheRelevantPartition" time="0.004">
    <error message="Could not create MQ Queue Manager object for &apos;LOCAL.DOCKER.QMGR&apos;" type="java.lang.RuntimeException">java.lang.RuntimeException: Could not create MQ Queue Manager object for &apos;LOCAL.DOCKER.QMGR&apos;
	at org.springframework.cloud.stream.binder.jms.ibmmq.IBMMQRequests.&lt;init&gt;(IBMMQRequests.java:52)
	at org.springframework.cloud.stream.binder.jms.ibmmq.IBMMQProvisioningProvider.&lt;init&gt;(IBMMQProvisioningProvider.java:47)
	at org.springframework.cloud.stream.binder.jms.ibmmq.integration.EndToEndIntegrationTests.&lt;init&gt;(EndToEndIntegrationTests.java:28)
	at sun.reflect.NativeConstructorAccessorImpl.newInstance0(Native Method)
	at sun.reflect.NativeConstructorAccessorImpl.newInstance(NativeConstructorAccessorImpl.java:62)
	at sun.reflect.DelegatingConstructorAccessorImpl.newInstance(DelegatingConstructorAccessorImpl.java:45)
	at java.lang.reflect.Constructor.newInstance(Constructor.java:423)
	at org.junit.runners.BlockJUnit4ClassRunner.createTest(BlockJUnit4ClassRunner.java:217)
	at org.junit.runners.BlockJUnit4ClassRunner$1.runReflectiveCall(BlockJUnit4ClassRunner.java:266)
	at org.junit.internal.runners.model.ReflectiveCallable.run(ReflectiveCallable.java:12)
	at org.junit.runners.BlockJUnit4ClassRunner.methodBlock(BlockJUnit4ClassRunner.java:263)
	at org.junit.runners.BlockJUnit4ClassRunner.runChild(BlockJUnit4ClassRunner.java:78)
	at org.junit.runners.BlockJUnit4ClassRunner.runChild(BlockJUnit4ClassRunner.java:57)
	at org.junit.runners.ParentRunner$3.run(ParentRunner.java:290)
	at org.junit.runners.ParentRunner$1.schedule(ParentRunner.java:71)
	at org.junit.runners.ParentRunner.runChildren(ParentRunner.java:288)
	at org.junit.runners.ParentRunner.access$000(ParentRunner.java:58)
	at org.junit.runners.ParentRunner$2.evaluate(ParentRunner.java:268)
	at org.junit.runners.ParentRunner.run(ParentRunner.java:363)
	at org.apache.maven.surefire.junit4.JUnit4Provider.execute(JUnit4Provider.java:252)
	at org.apache.maven.surefire.junit4.JUnit4Provider.executeTestSet(JUnit4Provider.java:141)
	at org.apache.maven.surefire.junit4.JUnit4Provider.invoke(JUnit4Provider.java:112)
	at sun.reflect.NativeMethodAccessorImpl.invoke0(Native Method)
	at sun.reflect.NativeMethodAccessorImpl.invoke(NativeMethodAccessorImpl.java:62)
	at sun.reflect.DelegatingMethodAccessorImpl.invoke(DelegatingMethodAccessorImpl.java:43)
	at java.lang.reflect.Method.invoke(Method.java:498)
	at org.apache.maven.surefire.util.ReflectionUtils.invokeMethodWithArray(ReflectionUtils.java:189)
	at org.apache.maven.surefire.booter.ProviderFactory$ProviderProxy.invoke(ProviderFactory.java:165)
	at org.apache.maven.surefire.booter.ProviderFactory.invokeProvider(ProviderFactory.java:85)
	at org.apache.maven.surefire.booter.ForkedBooter.runSuitesInProcess(ForkedBooter.java:115)
	at org.apache.maven.surefire.booter.ForkedBooter.main(ForkedBooter.java:75)
</error>
    <system-out>23:37:21.165 [main] DEBUG org.springframework.beans.factory.config.YamlMapFactoryBean - Loading from YAML: class path resource [application.yml]
23:37:21.166 [main] DEBUG org.springframework.beans.factory.config.YamlMapFactoryBean - Merging document (no matchers set): {spring={main={web-environment=false}, jmx={enabled=false}}, ibmmq={host=ibmmq, port=1414, username=mq, password=mq, queueManager=LOCAL.DOCKER.QMGR, channel=PASSWORD.SVRCONN}}
23:37:21.166 [main] DEBUG org.springframework.beans.factory.config.YamlMapFactoryBean - Loaded 1 document from YAML resource: class path resource [application.yml]
23:37:21.166 [main] DEBUG org.springframework.beans.factory.config.YamlMapFactoryBean - Loading from YAML: class path resource [application.yml]
23:37:21.167 [main] DEBUG org.springframework.beans.factory.config.YamlMapFactoryBean - Merging document (no matchers set): {spring={main={web-environment=false}, jmx={enabled=false}}, ibmmq={host=ibmmq, port=1414, username=mq, password=mq, queueManager=LOCAL.DOCKER.QMGR, channel=PASSWORD.SVRCONN}}
23:37:21.167 [main] DEBUG org.springframework.beans.factory.config.YamlMapFactoryBean - Loaded 1 document from YAML resource: class path resource [application.yml]
23:37:21.191 [main] DEBUG org.springframework.beans.factory.config.YamlMapFactoryBean - Loading from YAML: class path resource [application.yml]
23:37:21.200 [main] DEBUG org.springframework.beans.factory.config.YamlMapFactoryBean - Merging document (no matchers set): {spring={main={web-environment=false}, jmx={enabled=false}}, ibmmq={host=ibmmq, port=1414, username=mq, password=mq, queueManager=LOCAL.DOCKER.QMGR, channel=PASSWORD.SVRCONN}}
23:37:21.201 [main] DEBUG org.springframework.beans.factory.config.YamlMapFactoryBean - Loaded 1 document from YAML resource: class path resource [application.yml]
</system-out>
  </testcase>
  <testcase classname="org.springframework.cloud.stream.binder.jms.ibmmq.integration.EndToEndIntegrationTests" name="scs_whenMessageIsSentToDLQ_stackTraceAddedToHeaders" time="0.001">
    <error message="Could not create MQ Queue Manager object for &apos;LOCAL.DOCKER.QMGR&apos;" type="java.lang.RuntimeException">java.lang.RuntimeException: Could not create MQ Queue Manager object for &apos;LOCAL.DOCKER.QMGR&apos;
	at org.springframework.cloud.stream.binder.jms.ibmmq.IBMMQRequests.&lt;init&gt;(IBMMQRequests.java:52)
	at org.springframework.cloud.stream.binder.jms.ibmmq.IBMMQProvisioningProvider.&lt;init&gt;(IBMMQProvisioningProvider.java:47)
	at org.springframework.cloud.stream.binder.jms.ibmmq.integration.EndToEndIntegrationTests.&lt;init&gt;(EndToEndIntegrationTests.java:28)
	at sun.reflect.NativeConstructorAccessorImpl.newInstance0(Native Method)
	at sun.reflect.NativeConstructorAccessorImpl.newInstance(NativeConstructorAccessorImpl.java:62)
	at sun.reflect.DelegatingConstructorAccessorImpl.newInstance(DelegatingConstructorAccessorImpl.java:45)
	at java.lang.reflect.Constructor.newInstance(Constructor.java:423)
	at org.junit.runners.BlockJUnit4ClassRunner.createTest(BlockJUnit4ClassRunner.java:217)
	at org.junit.runners.BlockJUnit4ClassRunner$1.runReflectiveCall(BlockJUnit4ClassRunner.java:266)
	at org.junit.internal.runners.model.ReflectiveCallable.run(ReflectiveCallable.java:12)
	at org.junit.runners.BlockJUnit4ClassRunner.methodBlock(BlockJUnit4ClassRunner.java:263)
	at org.junit.runners.BlockJUnit4ClassRunner.runChild(BlockJUnit4ClassRunner.java:78)
	at org.junit.runners.BlockJUnit4ClassRunner.runChild(BlockJUnit4ClassRunner.java:57)
	at org.junit.runners.ParentRunner$3.run(ParentRunner.java:290)
	at org.junit.runners.ParentRunner$1.schedule(ParentRunner.java:71)
	at org.junit.runners.ParentRunner.runChildren(ParentRunner.java:288)
	at org.junit.runners.ParentRunner.access$000(ParentRunner.java:58)
	at org.junit.runners.ParentRunner$2.evaluate(ParentRunner.java:268)
	at org.junit.runners.ParentRunner.run(ParentRunner.java:363)
	at org.apache.maven.surefire.junit4.JUnit4Provider.execute(JUnit4Provider.java:252)
	at org.apache.maven.surefire.junit4.JUnit4Provider.executeTestSet(JUnit4Provider.java:141)
	at org.apache.maven.surefire.junit4.JUnit4Provider.invoke(JUnit4Provider.java:112)
	at sun.reflect.NativeMethodAccessorImpl.invoke0(Native Method)
	at sun.reflect.NativeMethodAccessorImpl.invoke(NativeMethodAccessorImpl.java:62)
	at sun.reflect.DelegatingMethodAccessorImpl.invoke(DelegatingMethodAccessorImpl.java:43)
	at java.lang.reflect.Method.invoke(Method.java:498)
	at org.apache.maven.surefire.util.ReflectionUtils.invokeMethodWithArray(ReflectionUtils.java:189)
	at org.apache.maven.surefire.booter.ProviderFactory$ProviderProxy.invoke(ProviderFactory.java:165)
	at org.apache.maven.surefire.booter.ProviderFactory.invokeProvider(ProviderFactory.java:85)
	at org.apache.maven.surefire.booter.ForkedBooter.runSuitesInProcess(ForkedBooter.java:115)
	at org.apache.maven.surefire.booter.ForkedBooter.main(ForkedBooter.java:75)
</error>
    <system-out>23:37:21.225 [main] DEBUG org.springframework.beans.factory.config.YamlMapFactoryBean - Loading from YAML: class path resource [application.yml]
23:37:21.228 [main] DEBUG org.springframework.beans.factory.config.YamlMapFactoryBean - Merging document (no matchers set): {spring={main={web-environment=false}, jmx={enabled=false}}, ibmmq={host=ibmmq, port=1414, username=mq, password=mq, queueManager=LOCAL.DOCKER.QMGR, channel=PASSWORD.SVRCONN}}
23:37:21.229 [main] DEBUG org.springframework.beans.factory.config.YamlMapFactoryBean - Loaded 1 document from YAML resource: class path resource [application.yml]
23:37:21.229 [main] DEBUG org.springframework.beans.factory.config.YamlMapFactoryBean - Loading from YAML: class path resource [application.yml]
23:37:21.230 [main] DEBUG org.springframework.beans.factory.config.YamlMapFactoryBean - Merging document (no matchers set): {spring={main={web-environment=false}, jmx={enabled=false}}, ibmmq={host=ibmmq, port=1414, username=mq, password=mq, queueManager=LOCAL.DOCKER.QMGR, channel=PASSWORD.SVRCONN}}
23:37:21.230 [main] DEBUG org.springframework.beans.factory.config.YamlMapFactoryBean - Loaded 1 document from YAML resource: class path resource [application.yml]
23:37:21.234 [main] DEBUG org.springframework.beans.factory.config.YamlMapFactoryBean - Loading from YAML: class path resource [application.yml]
23:37:21.235 [main] DEBUG org.springframework.beans.factory.config.YamlMapFactoryBean - Merging document (no matchers set): {spring={main={web-environment=false}, jmx={enabled=false}}, ibmmq={host=ibmmq, port=1414, username=mq, password=mq, queueManager=LOCAL.DOCKER.QMGR, channel=PASSWORD.SVRCONN}}
23:37:21.235 [main] DEBUG org.springframework.beans.factory.config.YamlMapFactoryBean - Loaded 1 document from YAML resource: class path resource [application.yml]
</system-out>
  </testcase>
  <testcase classname="org.springframework.cloud.stream.binder.jms.ibmmq.integration.EndToEndIntegrationTests" name="scs_whenAPartitioningKeyIsConfiguredAsWellAsRequired_messagesArePersistedInTheRelevantPartition" time="0.002">
    <error message="Could not create MQ Queue Manager object for &apos;LOCAL.DOCKER.QMGR&apos;" type="java.lang.RuntimeException">java.lang.RuntimeException: Could not create MQ Queue Manager object for &apos;LOCAL.DOCKER.QMGR&apos;
	at org.springframework.cloud.stream.binder.jms.ibmmq.IBMMQRequests.&lt;init&gt;(IBMMQRequests.java:52)
	at org.springframework.cloud.stream.binder.jms.ibmmq.IBMMQProvisioningProvider.&lt;init&gt;(IBMMQProvisioningProvider.java:47)
	at org.springframework.cloud.stream.binder.jms.ibmmq.integration.EndToEndIntegrationTests.&lt;init&gt;(EndToEndIntegrationTests.java:28)
	at sun.reflect.NativeConstructorAccessorImpl.newInstance0(Native Method)
	at sun.reflect.NativeConstructorAccessorImpl.newInstance(NativeConstructorAccessorImpl.java:62)
	at sun.reflect.DelegatingConstructorAccessorImpl.newInstance(DelegatingConstructorAccessorImpl.java:45)
	at java.lang.reflect.Constructor.newInstance(Constructor.java:423)
	at org.junit.runners.BlockJUnit4ClassRunner.createTest(BlockJUnit4ClassRunner.java:217)
	at org.junit.runners.BlockJUnit4ClassRunner$1.runReflectiveCall(BlockJUnit4ClassRunner.java:266)
	at org.junit.internal.runners.model.ReflectiveCallable.run(ReflectiveCallable.java:12)
	at org.junit.runners.BlockJUnit4ClassRunner.methodBlock(BlockJUnit4ClassRunner.java:263)
	at org.junit.runners.BlockJUnit4ClassRunner.runChild(BlockJUnit4ClassRunner.java:78)
	at org.junit.runners.BlockJUnit4ClassRunner.runChild(BlockJUnit4ClassRunner.java:57)
	at org.junit.runners.ParentRunner$3.run(ParentRunner.java:290)
	at org.junit.runners.ParentRunner$1.schedule(ParentRunner.java:71)
	at org.junit.runners.ParentRunner.runChildren(ParentRunner.java:288)
	at org.junit.runners.ParentRunner.access$000(ParentRunner.java:58)
	at org.junit.runners.ParentRunner$2.evaluate(ParentRunner.java:268)
	at org.junit.runners.ParentRunner.run(ParentRunner.java:363)
	at org.apache.maven.surefire.junit4.JUnit4Provider.execute(JUnit4Provider.java:252)
	at org.apache.maven.surefire.junit4.JUnit4Provider.executeTestSet(JUnit4Provider.java:141)
	at org.apache.maven.surefire.junit4.JUnit4Provider.invoke(JUnit4Provider.java:112)
	at sun.reflect.NativeMethodAccessorImpl.invoke0(Native Method)
	at sun.reflect.NativeMethodAccessorImpl.invoke(NativeMethodAccessorImpl.java:62)
	at sun.reflect.DelegatingMethodAccessorImpl.invoke(DelegatingMethodAccessorImpl.java:43)
	at java.lang.reflect.Method.invoke(Method.java:498)
	at org.apache.maven.surefire.util.ReflectionUtils.invokeMethodWithArray(ReflectionUtils.java:189)
	at org.apache.maven.surefire.booter.ProviderFactory$ProviderProxy.invoke(ProviderFactory.java:165)
	at org.apache.maven.surefire.booter.ProviderFactory.invokeProvider(ProviderFactory.java:85)
	at org.apache.maven.surefire.booter.ForkedBooter.runSuitesInProcess(ForkedBooter.java:115)
	at org.apache.maven.surefire.booter.ForkedBooter.main(ForkedBooter.java:75)
</error>
    <system-out>23:37:21.259 [main] DEBUG org.springframework.beans.factory.config.YamlMapFactoryBean - Loading from YAML: class path resource [application.yml]
23:37:21.261 [main] DEBUG org.springframework.beans.factory.config.YamlMapFactoryBean - Merging document (no matchers set): {spring={main={web-environment=false}, jmx={enabled=false}}, ibmmq={host=ibmmq, port=1414, username=mq, password=mq, queueManager=LOCAL.DOCKER.QMGR, channel=PASSWORD.SVRCONN}}
23:37:21.263 [main] DEBUG org.springframework.beans.factory.config.YamlMapFactoryBean - Loaded 1 document from YAML resource: class path resource [application.yml]
23:37:21.266 [main] DEBUG org.springframework.beans.factory.config.YamlMapFactoryBean - Loading from YAML: class path resource [application.yml]
23:37:21.270 [main] DEBUG org.springframework.beans.factory.config.YamlMapFactoryBean - Merging document (no matchers set): {spring={main={web-environment=false}, jmx={enabled=false}}, ibmmq={host=ibmmq, port=1414, username=mq, password=mq, queueManager=LOCAL.DOCKER.QMGR, channel=PASSWORD.SVRCONN}}
23:37:21.281 [main] DEBUG org.springframework.beans.factory.config.YamlMapFactoryBean - Loaded 1 document from YAML resource: class path resource [application.yml]
23:37:21.282 [main] DEBUG org.springframework.beans.factory.config.YamlMapFactoryBean - Loading from YAML: class path resource [application.yml]
23:37:21.283 [main] DEBUG org.springframework.beans.factory.config.YamlMapFactoryBean - Merging document (no matchers set): {spring={main={web-environment=false}, jmx={enabled=false}}, ibmmq={host=ibmmq, port=1414, username=mq, password=mq, queueManager=LOCAL.DOCKER.QMGR, channel=PASSWORD.SVRCONN}}
23:37:21.283 [main] DEBUG org.springframework.beans.factory.config.YamlMapFactoryBean - Loaded 1 document from YAML resource: class path resource [application.yml]
</system-out>
  </testcase>
</testsuite>